"../../../Engine/Content/Animation/DefaultAnimBoneCompressionSettings.uasset" 0
"../../../Engine/Content/Animation/DefaultAnimBoneCompressionSettings.uexp" 1
"../../../Engine/Content/Animation/DefaultAnimCurveCompressionSettings.uasset" 2
"../../../Engine/Content/Animation/DefaultAnimCurveCompressionSettings.uexp" 3
"D:/UE Projects/RebelWars/Content/Animated/SKEL_Hands1P.uasset" 4
"D:/UE Projects/RebelWars/Content/Animated/SKEL_Hands1P.uexp" 5
"D:/UE Projects/RebelWars/Content/Animated/Animation/Weapons/F1/ANIM_F1Default.uasset" 6
"D:/UE Projects/RebelWars/Content/Animated/Animation/Weapons/F1/ANIM_F1Default.uexp" 7
"D:/UE Projects/RebelWars/Content/Animated/Animation/Weapons/AK/ANIM_AKUnarmed.uasset" 8
"D:/UE Projects/RebelWars/Content/Animated/Animation/Weapons/AK/ANIM_AKUnarmed.uexp" 9
"D:/UE Projects/RebelWars/Content/Animated/Animation/Weapons/F1/AM_F1Throw.uasset" 10
"D:/UE Projects/RebelWars/Content/Animated/Animation/Weapons/F1/AM_F1Throw.uexp" 11
"D:/UE Projects/RebelWars/Content/Animated/Animation/Weapons/Makarov/ANIM_MakarovTest.uasset" 12
"D:/UE Projects/RebelWars/Content/Animated/Animation/Weapons/Makarov/ANIM_MakarovTest.uexp" 13
"D:/UE Projects/RebelWars/Content/Animated/Animation/Weapons/Makarov/ANIM_MakarovUnarmed.uasset" 14
"D:/UE Projects/RebelWars/Content/Animated/Animation/Weapons/Makarov/ANIM_MakarovUnarmed.uexp" 15
"D:/UE Projects/RebelWars/Content/UI/MainMenu/WBP_MainMenu.uasset" 16
"D:/UE Projects/RebelWars/Content/UI/MainMenu/WBP_MainMenu.uexp" 17
"../../../Engine/Content/EditorBlueprintResources/StandardMacros.uasset" 18
"../../../Engine/Content/EditorBlueprintResources/StandardMacros.uexp" 19
"D:/UE Projects/RebelWars/Content/Blueprints/Controllers/BP_MainMenuController.uasset" 20
"D:/UE Projects/RebelWars/Content/Blueprints/Controllers/BP_MainMenuController.uexp" 21
"D:/UE Projects/RebelWars/Content/Blueprints/GameModes/BP_GameModeMainMenu.uasset" 22
"D:/UE Projects/RebelWars/Content/Blueprints/GameModes/BP_GameModeMainMenu.uexp" 23
"D:/UE Projects/RebelWars/Content/Textures/Weapons/T_F1.uasset" 24
"D:/UE Projects/RebelWars/Content/Textures/Weapons/T_F1.uexp" 25
"D:/UE Projects/RebelWars/Content/Textures/Weapons/T_F1.ubulk" 26
"D:/UE Projects/RebelWars/Content/Materials/Weapons/M_F1.uasset" 27
"D:/UE Projects/RebelWars/Content/Materials/Weapons/M_F1.uexp" 28
"D:/UE Projects/RebelWars/Content/Meshes/Weapons/SM_F1.uasset" 29
"D:/UE Projects/RebelWars/Content/Meshes/Weapons/SM_F1.uexp" 30
"D:/UE Projects/RebelWars/Content/Animated/Animation/Weapons/F1/ANIM_F1Engage.uasset" 31
"D:/UE Projects/RebelWars/Content/Animated/Animation/Weapons/F1/ANIM_F1Engage.uexp" 32
"D:/UE Projects/RebelWars/Content/Animated/Animation/Weapons/F1/AM_F1Engage.uasset" 33
"D:/UE Projects/RebelWars/Content/Animated/Animation/Weapons/F1/AM_F1Engage.uexp" 34
"D:/UE Projects/RebelWars/Content/Physics/Weapons/PHYS_F11P.uasset" 35
"D:/UE Projects/RebelWars/Content/Physics/Weapons/PHYS_F11P.uexp" 36
"D:/UE Projects/RebelWars/Content/Meshes/Weapons/SK_F1.uasset" 37
"D:/UE Projects/RebelWars/Content/Meshes/Weapons/SK_F1.uexp" 38
"D:/UE Projects/RebelWars/Content/Sound/Wav/equipment_rumble.uasset" 39
"D:/UE Projects/RebelWars/Content/Sound/Wav/equipment_rumble.uexp" 40
"D:/UE Projects/RebelWars/Content/Sound/SC_EquipmentRumble.uasset" 41
"D:/UE Projects/RebelWars/Content/Sound/SC_EquipmentRumble.uexp" 42
"D:/UE Projects/RebelWars/Content/Animated/Animation/Weapons/F1/ANIM_F1Deploy.uasset" 43
"D:/UE Projects/RebelWars/Content/Animated/Animation/Weapons/F1/ANIM_F1Deploy.uexp" 44
"D:/UE Projects/RebelWars/Content/Animated/Animation/Weapons/F1/AM_F1Deploy.uasset" 45
"D:/UE Projects/RebelWars/Content/Animated/Animation/Weapons/F1/AM_F1Deploy.uexp" 46
"D:/UE Projects/RebelWars/Content/Blueprints/Items/BP_F1.uasset" 47
"D:/UE Projects/RebelWars/Content/Blueprints/Items/BP_F1.uexp" 48
"../../../Engine/Plugins/FX/Niagara/Content/Enums/Ribbons/ENiagara_UnsetDirectSetRandom.uasset" 49
"../../../Engine/Plugins/FX/Niagara/Content/Enums/Ribbons/ENiagara_UnsetDirectSetRandom.uexp" 50
"../../../Engine/Plugins/FX/Niagara/Content/Enums/ENiagaraRandomnessMode.uasset" 51
"../../../Engine/Plugins/FX/Niagara/Content/Enums/ENiagaraRandomnessMode.uexp" 52
"../../../Engine/Plugins/FX/Niagara/Content/Enums/ENiagaraInactiveMode.uasset" 53
"../../../Engine/Plugins/FX/Niagara/Content/Enums/ENiagaraInactiveMode.uexp" 54
"../../../Engine/Plugins/FX/Niagara/Content/Enums/ENiagaraEmitterScalabilityMode_Limited.uasset" 55
"../../../Engine/Plugins/FX/Niagara/Content/Enums/ENiagaraEmitterScalabilityMode_Limited.uexp" 56
"../../../Engine/Plugins/FX/Niagara/Content/Enums/ENiagaraEmitterLifeCycleMode.uasset" 57
"../../../Engine/Plugins/FX/Niagara/Content/Enums/ENiagaraEmitterLifeCycleMode.uexp" 58
"../../../Engine/Plugins/FX/Niagara/Content/Enums/ENiagaraChannelCorrelation.uasset" 59
"../../../Engine/Plugins/FX/Niagara/Content/Enums/ENiagaraChannelCorrelation.uexp" 60
"../../../Engine/Plugins/FX/Niagara/Content/Enums/ENiagara_UVFlippingMode.uasset" 61
"../../../Engine/Plugins/FX/Niagara/Content/Enums/ENiagara_UVFlippingMode.uexp" 62
"../../../Engine/Plugins/FX/Niagara/Content/Enums/ENiagara_SpriteRotationMode.uasset" 63
"../../../Engine/Plugins/FX/Niagara/Content/Enums/ENiagara_SpriteRotationMode.uexp" 64
"../../../Engine/Plugins/FX/Niagara/Content/Enums/ENiagara_SizeScaleMode.uasset" 65
"../../../Engine/Plugins/FX/Niagara/Content/Enums/ENiagara_SizeScaleMode.uexp" 66
"../../../Engine/Plugins/FX/Niagara/Content/Enums/ENiagara_PositionInitializationMode.uasset" 67
"../../../Engine/Plugins/FX/Niagara/Content/Enums/ENiagara_PositionInitializationMode.uexp" 68
"../../../Engine/Plugins/FX/Niagara/Content/Enums/ENiagara_MassInitializationMode.uasset" 69
"../../../Engine/Plugins/FX/Niagara/Content/Enums/ENiagara_MassInitializationMode.uexp" 70
"../../../Engine/Plugins/FX/Niagara/Content/Enums/ENiagara_LifetimeMode.uasset" 71
"../../../Engine/Plugins/FX/Niagara/Content/Enums/ENiagara_LifetimeMode.uexp" 72
"../../../Engine/Plugins/FX/Niagara/Content/Enums/ENiagara_InfiniteLoopDuration.uasset" 73
"../../../Engine/Plugins/FX/Niagara/Content/Enums/ENiagara_InfiniteLoopDuration.uexp" 74
"../../../Engine/Plugins/FX/Niagara/Content/Enums/ENiagara_EmitterStateOptions.uasset" 75
"../../../Engine/Plugins/FX/Niagara/Content/Enums/ENiagara_EmitterStateOptions.uexp" 76
"../../../Engine/Plugins/FX/Niagara/Content/Enums/ENiagara_ColorInitializationMode.uasset" 77
"../../../Engine/Plugins/FX/Niagara/Content/Enums/ENiagara_ColorInitializationMode.uexp" 78
"../../../Engine/Plugins/FX/Niagara/Content/Modules/Update/Lifetime/ParticleState.uasset" 79
"../../../Engine/Plugins/FX/Niagara/Content/Modules/Update/Lifetime/ParticleState.uexp" 80
"../../../Engine/Plugins/FX/Niagara/Content/Enums/ENiagaraScaleColorMode.uasset" 81
"../../../Engine/Plugins/FX/Niagara/Content/Enums/ENiagaraScaleColorMode.uexp" 82
"../../../Engine/Plugins/FX/Niagara/Content/Modules/Update/Color/ScaleColor.uasset" 83
"../../../Engine/Plugins/FX/Niagara/Content/Modules/Update/Color/ScaleColor.uexp" 84
"../../../Engine/Plugins/FX/Niagara/Content/Enums/ENiagaraRandomnessEvaluation.uasset" 85
"../../../Engine/Plugins/FX/Niagara/Content/Enums/ENiagaraRandomnessEvaluation.uexp" 86
"../../../Engine/Plugins/FX/Niagara/Content/Functions/V2/CalculateRandomRangeInteger.uasset" 87
"../../../Engine/Plugins/FX/Niagara/Content/Functions/V2/CalculateRandomRangeInteger.uexp" 88
"../../../Engine/Plugins/FX/Niagara/Content/Functions/Localspace/SimulationPosition.uasset" 89
"../../../Engine/Plugins/FX/Niagara/Content/Functions/Localspace/SimulationPosition.uexp" 90
"../../../Engine/Plugins/FX/Niagara/Content/Functions/V2/CalculateRandomRangeFloat.uasset" 91
"../../../Engine/Plugins/FX/Niagara/Content/Functions/V2/CalculateRandomRangeFloat.uexp" 92
"../../../Engine/Plugins/FX/Niagara/Content/Functions/V2/CalculateRandomRange.uasset" 93
"../../../Engine/Plugins/FX/Niagara/Content/Functions/V2/CalculateRandomRange.uexp" 94
"../../../Engine/Plugins/FX/Niagara/Content/Functions/V2/CalculateRandomBool.uasset" 95
"../../../Engine/Plugins/FX/Niagara/Content/Functions/V2/CalculateRandomBool.uexp" 96
"../../../Engine/Plugins/FX/Niagara/Content/Functions/Localspace/TransformBase.uasset" 97
"../../../Engine/Plugins/FX/Niagara/Content/Functions/Localspace/TransformBase.uexp" 98
"../../../Engine/Plugins/FX/Niagara/Content/Functions/Localspace/TransformVector.uasset" 99
"../../../Engine/Plugins/FX/Niagara/Content/Functions/Localspace/TransformVector.uexp" 100
"../../../Engine/Plugins/FX/Niagara/Content/Functions/LinearColor/HueShiftLinearColor.uasset" 101
"../../../Engine/Plugins/FX/Niagara/Content/Functions/LinearColor/HueShiftLinearColor.uexp" 102
"../../../Engine/Plugins/FX/Niagara/Content/Modules/Spawn/Initialization/V2/InitializeParticle.uasset" 103
"../../../Engine/Plugins/FX/Niagara/Content/Modules/Spawn/Initialization/V2/InitializeParticle.uexp" 104
"../../../Engine/Plugins/FX/Niagara/Content/Modules/Emitter/SpawnBurst_Instantaneous.uasset" 105
"../../../Engine/Plugins/FX/Niagara/Content/Modules/Emitter/SpawnBurst_Instantaneous.uexp" 106
"../../../Engine/Plugins/FX/Niagara/Content/Functions/Emitter/EmitterChangeState.uasset" 107
"../../../Engine/Plugins/FX/Niagara/Content/Functions/Emitter/EmitterChangeState.uexp" 108
"../../../Engine/Plugins/FX/Niagara/Content/Enums/ENiagaraExecutionStateManagement.uasset" 109
"../../../Engine/Plugins/FX/Niagara/Content/Enums/ENiagaraExecutionStateManagement.uexp" 110
"../../../Engine/Plugins/FX/Niagara/Content/Modules/Emitter/EmitterState.uasset" 111
"../../../Engine/Plugins/FX/Niagara/Content/Modules/Emitter/EmitterState.uexp" 112
"../../../Engine/Plugins/FX/Niagara/Content/DynamicInputs/ValueFromCurve/FloatFromCurve.uasset" 113
"../../../Engine/Plugins/FX/Niagara/Content/DynamicInputs/ValueFromCurve/FloatFromCurve.uexp" 114
"D:/UE Projects/RebelWars/Content/Textures/FX/T_Muzzleflash1.uasset" 115
"D:/UE Projects/RebelWars/Content/Textures/FX/T_Muzzleflash1.uexp" 116
"D:/UE Projects/RebelWars/Content/Materials/FX/M_Muzzleflash1.uasset" 117
"D:/UE Projects/RebelWars/Content/Materials/FX/M_Muzzleflash1.uexp" 118
"../../../Engine/Plugins/FX/Niagara/Content/Enums/ENiagaraSphereDistributionMode.uasset" 119
"../../../Engine/Plugins/FX/Niagara/Content/Enums/ENiagaraSphereDistributionMode.uexp" 120
"../../../Engine/Plugins/FX/Niagara/Content/Enums/ENiagaraExpansionMode.uasset" 121
"../../../Engine/Plugins/FX/Niagara/Content/Enums/ENiagaraExpansionMode.uexp" 122
"../../../Engine/Plugins/FX/Niagara/Content/Functions/V2/CalculateRandomPointInSphere.uasset" 123
"../../../Engine/Plugins/FX/Niagara/Content/Functions/V2/CalculateRandomPointInSphere.uexp" 124
"../../../Engine/Plugins/FX/Niagara/Content/Functions/SphericalToCartesianCoordinates.uasset" 125
"../../../Engine/Plugins/FX/Niagara/Content/Functions/SphericalToCartesianCoordinates.uexp" 126
"../../../Engine/Plugins/FX/Niagara/Content/Functions/Rotation/MultiplyVectorWithQuaternion.uasset" 127
"../../../Engine/Plugins/FX/Niagara/Content/Functions/Rotation/MultiplyVectorWithQuaternion.uexp" 128
"../../../Engine/Plugins/FX/Niagara/Content/Functions/DirectionAndLengthSafe.uasset" 129
"../../../Engine/Plugins/FX/Niagara/Content/Functions/DirectionAndLengthSafe.uexp" 130
"../../../Engine/Plugins/FX/Niagara/Content/Functions/Rotation/FindQuatBetween.uasset" 131
"../../../Engine/Plugins/FX/Niagara/Content/Functions/Rotation/FindQuatBetween.uexp" 132
"../../../Engine/Plugins/FX/Niagara/Content/Modules/Spawn/Location/V2/SphereLocation.uasset" 133
"../../../Engine/Plugins/FX/Niagara/Content/Modules/Spawn/Location/V2/SphereLocation.uexp" 134
"../../../Engine/Plugins/FX/Niagara/Content/Enums/ENiagaraTorusMode.uasset" 135
"../../../Engine/Plugins/FX/Niagara/Content/Enums/ENiagaraTorusMode.uexp" 136
"../../../Engine/Plugins/FX/Niagara/Content/Enums/ENiagaraTorusDistributionMode.uasset" 137
"../../../Engine/Plugins/FX/Niagara/Content/Enums/ENiagaraTorusDistributionMode.uexp" 138
"../../../Engine/Plugins/FX/Niagara/Content/Functions/GetRandomInfo.uasset" 139
"../../../Engine/Plugins/FX/Niagara/Content/Functions/GetRandomInfo.uexp" 140
"../../../Engine/Plugins/FX/Niagara/Content/Functions/RandomRange.uasset" 141
"../../../Engine/Plugins/FX/Niagara/Content/Functions/RandomRange.uexp" 142
"../../../Engine/Plugins/FX/Niagara/Content/Functions/PolarToCartesianCoordinates.uasset" 143
"../../../Engine/Plugins/FX/Niagara/Content/Functions/PolarToCartesianCoordinates.uexp" 144
"../../../Engine/Plugins/FX/Niagara/Content/Functions/ParametricTorusKnot.uasset" 145
"../../../Engine/Plugins/FX/Niagara/Content/Functions/ParametricTorusKnot.uexp" 146
"../../../Engine/Plugins/FX/Niagara/Content/Functions/ParametricTorus.uasset" 147
"../../../Engine/Plugins/FX/Niagara/Content/Functions/ParametricTorus.uexp" 148
"../../../Engine/Plugins/FX/Niagara/Content/Functions/Rotation/MultiplyQuaternion.uasset" 149
"../../../Engine/Plugins/FX/Niagara/Content/Functions/Rotation/MultiplyQuaternion.uexp" 150
"../../../Engine/Plugins/FX/Niagara/Content/Functions/Rotation/AxisAngleToQuaternion.uasset" 151
"../../../Engine/Plugins/FX/Niagara/Content/Functions/Rotation/AxisAngleToQuaternion.uexp" 152
"../../../Engine/Plugins/FX/Niagara/Content/Modules/Spawn/Location/TorusLocation.uasset" 153
"../../../Engine/Plugins/FX/Niagara/Content/Modules/Spawn/Location/TorusLocation.uexp" 154
"../../../Engine/Plugins/FX/Niagara/Content/Modules/Solvers/SolveForcesAndVelocity.uasset" 155
"../../../Engine/Plugins/FX/Niagara/Content/Modules/Solvers/SolveForcesAndVelocity.uexp" 156
"../../../Engine/Plugins/FX/Niagara/Content/Functions/RandomRangeFloat.uasset" 157
"../../../Engine/Plugins/FX/Niagara/Content/Functions/RandomRangeFloat.uexp" 158
"../../../Engine/Plugins/FX/Niagara/Content/Modules/Emitter/SpawnRate.uasset" 159
"../../../Engine/Plugins/FX/Niagara/Content/Modules/Emitter/SpawnRate.uexp" 160
"../../../Engine/Plugins/FX/Niagara/Content/DefaultAssets/DefaultSpriteMaterial.uasset" 161
"../../../Engine/Plugins/FX/Niagara/Content/DefaultAssets/DefaultSpriteMaterial.uexp" 162
"../../../Engine/Plugins/FX/Niagara/Content/Enums/SpriteRenderer/ENiagara_ScaleSpriteSize.uasset" 163
"../../../Engine/Plugins/FX/Niagara/Content/Enums/SpriteRenderer/ENiagara_ScaleSpriteSize.uexp" 164
"../../../Engine/Plugins/FX/Niagara/Content/Enums/ENiagaraSystemInactiveMode.uasset" 165
"../../../Engine/Plugins/FX/Niagara/Content/Enums/ENiagaraSystemInactiveMode.uexp" 166
"../../../Engine/Plugins/FX/Niagara/Content/Modules/Update/Size/ScaleSpriteSize.uasset" 167
"../../../Engine/Plugins/FX/Niagara/Content/Modules/Update/Size/ScaleSpriteSize.uexp" 168
"../../../Engine/Plugins/FX/Niagara/Content/Functions/System/SystemChangeState.uasset" 169
"../../../Engine/Plugins/FX/Niagara/Content/Functions/System/SystemChangeState.uexp" 170
"../../../Engine/Plugins/FX/Niagara/Content/Modules/System/SystemState.uasset" 171
"../../../Engine/Plugins/FX/Niagara/Content/Modules/System/SystemState.uexp" 172
"../../../Engine/Plugins/FX/Niagara/Content/Modules/Spawn/Velocity/AddVelocity.uasset" 173
"../../../Engine/Plugins/FX/Niagara/Content/Modules/Spawn/Velocity/AddVelocity.uexp" 174
"D:/UE Projects/RebelWars/Content/FX/NewNiagaraSystem.uasset" 175
"D:/UE Projects/RebelWars/Content/FX/NewNiagaraSystem.uexp" 176
"../../../Engine/Plugins/FX/Niagara/Content/VectorFields/Assets/TilingCurl32.uasset" 177
"../../../Engine/Plugins/FX/Niagara/Content/VectorFields/Assets/TilingCurl32.uexp" 178
"../../../Engine/Plugins/FX/Niagara/Content/Functions/NormalizeDistanceRange.uasset" 179
"../../../Engine/Plugins/FX/Niagara/Content/Functions/NormalizeDistanceRange.uexp" 180
"../../../Engine/Plugins/FX/Niagara/Content/Functions/ProjectVectorOnPlane.uasset" 181
"../../../Engine/Plugins/FX/Niagara/Content/Functions/ProjectVectorOnPlane.uexp" 182
"../../../Engine/Plugins/FX/Niagara/Content/Functions/Localspace/TransformPosition.uasset" 183
"../../../Engine/Plugins/FX/Niagara/Content/Functions/Localspace/TransformPosition.uexp" 184
"../../../Engine/Plugins/FX/Niagara/Content/Modules/Update/Forces/VortexForce.uasset" 185
"../../../Engine/Plugins/FX/Niagara/Content/Modules/Update/Forces/VortexForce.uexp" 186
"../../../Engine/Plugins/FX/Niagara/Content/Enums/ENiagaraCurlNoiseQuality.uasset" 187
"../../../Engine/Plugins/FX/Niagara/Content/Enums/ENiagaraCurlNoiseQuality.uexp" 188
"../../../Engine/Plugins/FX/Niagara/Content/VectorFields/Assets/TilingCurl64.uasset" 189
"../../../Engine/Plugins/FX/Niagara/Content/VectorFields/Assets/TilingCurl64.uexp" 190
"../../../Engine/Plugins/FX/Niagara/Content/VectorFields/Assets/TilingCurl16.uasset" 191
"../../../Engine/Plugins/FX/Niagara/Content/VectorFields/Assets/TilingCurl16.uexp" 192
"../../../Engine/Plugins/FX/Niagara/Content/Functions/V2/RemapRange.uasset" 193
"../../../Engine/Plugins/FX/Niagara/Content/Functions/V2/RemapRange.uexp" 194
"../../../Engine/Plugins/FX/Niagara/Content/Functions/FindAngleBetweenVectors.uasset" 195
"../../../Engine/Plugins/FX/Niagara/Content/Functions/FindAngleBetweenVectors.uexp" 196
"../../../Engine/Plugins/FX/Niagara/Content/Functions/V2/ConeMask.uasset" 197
"../../../Engine/Plugins/FX/Niagara/Content/Functions/V2/ConeMask.uexp" 198
"../../../Engine/Plugins/FX/Niagara/Content/Modules/Update/Forces/V2/CurlNoiseForce.uasset" 199
"../../../Engine/Plugins/FX/Niagara/Content/Modules/Update/Forces/V2/CurlNoiseForce.uexp" 200
"../../../Engine/Plugins/FX/Niagara/Content/Modules/Update/Forces/GravityForce.uasset" 201
"../../../Engine/Plugins/FX/Niagara/Content/Modules/Update/Forces/GravityForce.uexp" 202
"../../../Engine/Plugins/FX/Niagara/Content/Modules/Update/Forces/Drag.uasset" 203
"../../../Engine/Plugins/FX/Niagara/Content/Modules/Update/Forces/Drag.uexp" 204
"D:/UE Projects/RebelWars/Content/FX/NewNiagaraSystem1.uasset" 205
"D:/UE Projects/RebelWars/Content/FX/NewNiagaraSystem1.uexp" 206
"D:/UE Projects/RebelWars/Content/Materials/FX/SM_Muzzleflash1.uasset" 207
"D:/UE Projects/RebelWars/Content/Materials/FX/SM_Muzzleflash1.uexp" 208
"D:/UE Projects/RebelWars/Content/FX/PS_MuzzleflashAk.uasset" 209
"D:/UE Projects/RebelWars/Content/FX/PS_MuzzleflashAk.uexp" 210
"D:/UE Projects/RebelWars/Content/Textures/Weapons/T_AK3P.uasset" 211
"D:/UE Projects/RebelWars/Content/Textures/Weapons/T_AK3P.uexp" 212
"D:/UE Projects/RebelWars/Content/Materials/Weapons/M_AK3P.uasset" 213
"D:/UE Projects/RebelWars/Content/Materials/Weapons/M_AK3P.uexp" 214
"D:/UE Projects/RebelWars/Content/Textures/Weapons/T_Remington.uasset" 215
"D:/UE Projects/RebelWars/Content/Textures/Weapons/T_Remington.uexp" 216
"D:/UE Projects/RebelWars/Content/Textures/Weapons/T_Remington.ubulk" 217
"D:/UE Projects/RebelWars/Content/Materials/Weapons/M_Remington.uasset" 218
"D:/UE Projects/RebelWars/Content/Materials/Weapons/M_Remington.uexp" 219
"D:/UE Projects/RebelWars/Content/Textures/T_Shell.uasset" 220
"D:/UE Projects/RebelWars/Content/Textures/T_Shell.uexp" 221
"D:/UE Projects/RebelWars/Content/Textures/T_Shell.ubulk" 222
"D:/UE Projects/RebelWars/Content/Materials/M_Shell.uasset" 223
"D:/UE Projects/RebelWars/Content/Materials/M_Shell.uexp" 224
"D:/UE Projects/RebelWars/Content/Meshes/Weapons/SK_Remington1P.uasset" 225
"D:/UE Projects/RebelWars/Content/Meshes/Weapons/SK_Remington1P.uexp" 226
"D:/UE Projects/RebelWars/Content/Physics/Weapons/PHYS_Remington1P.uasset" 227
"D:/UE Projects/RebelWars/Content/Physics/Weapons/PHYS_Remington1P.uexp" 228
"D:/UE Projects/RebelWars/Content/Sound/Wav/drop_heavy_weapon.uasset" 229
"D:/UE Projects/RebelWars/Content/Sound/Wav/drop_heavy_weapon.uexp" 230
"../../../Engine/Content/EngineMaterials/T_Default_Material_Grid_N.uasset" 231
"../../../Engine/Content/EngineMaterials/T_Default_Material_Grid_N.uexp" 232
"../../../Engine/Content/EngineMaterials/T_Default_Material_Grid_N.ubulk" 233
"../../../Engine/Content/EngineMaterials/T_Default_Material_Grid_M.uasset" 234
"../../../Engine/Content/EngineMaterials/T_Default_Material_Grid_M.uexp" 235
"../../../Engine/Content/EngineMaterials/T_Default_Material_Grid_M.ubulk" 236
"../../../Engine/Content/Functions/Engine_MaterialFunctions01/Opacity/CameraDepthFade.uasset" 237
"../../../Engine/Content/Functions/Engine_MaterialFunctions01/Opacity/CameraDepthFade.uexp" 238
"../../../Engine/Content/EngineMaterials/WorldGridMaterial.uasset" 239
"../../../Engine/Content/EngineMaterials/WorldGridMaterial.uexp" 240
"../../../Engine/Content/ArtTools/RenderToTexture/Meshes/S_1_Unit_Plane.uasset" 241
"../../../Engine/Content/ArtTools/RenderToTexture/Meshes/S_1_Unit_Plane.uexp" 242
"../../../Engine/Content/EngineMaterials/DefaultMaterial.uasset" 243
"../../../Engine/Content/EngineMaterials/DefaultMaterial.uexp" 244
"../../../Engine/Content/BasicShapes/Cone.uasset" 245
"../../../Engine/Content/BasicShapes/Cone.uexp" 246
"../../../Engine/Content/BasicShapes/Cube.uasset" 247
"../../../Engine/Content/BasicShapes/Cube.uexp" 248
"../../../Engine/Content/BasicShapes/Plane.uasset" 249
"../../../Engine/Content/BasicShapes/Plane.uexp" 250
"../../../Engine/Content/BasicShapes/Sphere.uasset" 251
"../../../Engine/Content/BasicShapes/Sphere.uexp" 252
"../../../Engine/Content/EditorLandscapeResources/DataLayer.uasset" 253
"../../../Engine/Content/EditorLandscapeResources/DataLayer.uexp" 254
"../../../Engine/Content/EditorLandscapeResources/DefaultAlphaTexture.uasset" 255
"../../../Engine/Content/EditorLandscapeResources/DefaultAlphaTexture.uexp" 256
"../../../Engine/Content/EditorMaterials/MAT_Groups_Toggle.uasset" 257
"../../../Engine/Content/EditorMaterials/MAT_Groups_Toggle.uexp" 258
"../../../Engine/Content/EditorMaterials/MAT_Groups_Visibility.uasset" 259
"../../../Engine/Content/EditorMaterials/MAT_Groups_Visibility.uexp" 260
"../../../Engine/Content/EditorMaterials/PreviewShadowIndicator.uasset" 261
"../../../Engine/Content/EditorMaterials/PreviewShadowIndicator.uexp" 262
"../../../Engine/Content/EditorMaterials/PreviewShadowIndicator.ubulk" 263
"../../../Engine/Content/EditorMaterials/PreviewShadowIndicatorMaterial.uasset" 264
"../../../Engine/Content/EditorMaterials/PreviewShadowIndicatorMaterial.uexp" 265
"../../../Engine/Content/EditorMaterials/MatineeGroups/MAT_ColorTrack.uasset" 266
"../../../Engine/Content/EditorMaterials/MatineeGroups/MAT_ColorTrack.uexp" 267
"../../../Engine/Content/EditorMaterials/MatineeGroups/MAT_Groups_Anim.uasset" 268
"../../../Engine/Content/EditorMaterials/MatineeGroups/MAT_Groups_Anim.uexp" 269
"../../../Engine/Content/EditorMaterials/MatineeGroups/MAT_Groups_AudioMaster.uasset" 270
"../../../Engine/Content/EditorMaterials/MatineeGroups/MAT_Groups_AudioMaster.uexp" 271
"../../../Engine/Content/EditorMaterials/MatineeGroups/MAT_Groups_Director.uasset" 272
"../../../Engine/Content/EditorMaterials/MatineeGroups/MAT_Groups_Director.uexp" 273
"../../../Engine/Content/EditorMaterials/MatineeGroups/MAT_Groups_Event.uasset" 274
"../../../Engine/Content/EditorMaterials/MatineeGroups/MAT_Groups_Event.uexp" 275
"../../../Engine/Content/EditorMaterials/MatineeGroups/MAT_Groups_Fade.uasset" 276
"../../../Engine/Content/EditorMaterials/MatineeGroups/MAT_Groups_Fade.uexp" 277
"../../../Engine/Content/EditorMaterials/MatineeGroups/MAT_Groups_Float.uasset" 278
"../../../Engine/Content/EditorMaterials/MatineeGroups/MAT_Groups_Float.uexp" 279
"../../../Engine/Content/EditorMaterials/MatineeGroups/MAT_Groups_Move.uasset" 280
"../../../Engine/Content/EditorMaterials/MatineeGroups/MAT_Groups_Move.uexp" 281
"../../../Engine/Content/EditorMaterials/MatineeGroups/MAT_Groups_Slomo.uasset" 282
"../../../Engine/Content/EditorMaterials/MatineeGroups/MAT_Groups_Slomo.uexp" 283
"../../../Engine/Content/EditorMaterials/MatineeGroups/MAT_Groups_Sound.uasset" 284
"../../../Engine/Content/EditorMaterials/MatineeGroups/MAT_Groups_Sound.uexp" 285
"../../../Engine/Content/EditorMaterials/MatineeGroups/MAT_Groups_Vector.uasset" 286
"../../../Engine/Content/EditorMaterials/MatineeGroups/MAT_Groups_Vector.uexp" 287
"../../../Engine/Content/EditorMaterials/ParticleSystems/PSysThumbnail_NoImage.uasset" 288
"../../../Engine/Content/EditorMaterials/ParticleSystems/PSysThumbnail_NoImage.uexp" 289
"../../../Engine/Content/EditorMaterials/ParticleSystems/PSysThumbnail_NoImage.ubulk" 290
"../../../Engine/Content/EditorMaterials/ParticleSystems/PSysThumbnail_OOD.uasset" 291
"../../../Engine/Content/EditorMaterials/ParticleSystems/PSysThumbnail_OOD.uexp" 292
"../../../Engine/Content/EditorMaterials/ParticleSystems/PSysThumbnail_OOD.ubulk" 293
"../../../Engine/Content/EditorMaterials/Camera/CineMat.uasset" 294
"../../../Engine/Content/EditorMaterials/Camera/CineMat.uexp" 295
"../../../Engine/Content/EditorMaterials/Camera/MI_CineMat_Rig.uasset" 296
"../../../Engine/Content/EditorMaterials/Camera/MI_CineMat_Rig.uexp" 297
"../../../Engine/Content/EditorMeshes/Camera/SM_CraneRig_Arm.uasset" 298
"../../../Engine/Content/EditorMeshes/Camera/SM_CraneRig_Arm.uexp" 299
"../../../Engine/Content/EditorMeshes/Camera/SM_CraneRig_Base.uasset" 300
"../../../Engine/Content/EditorMeshes/Camera/SM_CraneRig_Base.uexp" 301
"../../../Engine/Content/EditorMeshes/Camera/SM_CraneRig_Body.uasset" 302
"../../../Engine/Content/EditorMeshes/Camera/SM_CraneRig_Body.uexp" 303
"../../../Engine/Content/EditorMeshes/Camera/SM_CraneRig_Mount.uasset" 304
"../../../Engine/Content/EditorMeshes/Camera/SM_CraneRig_Mount.uexp" 305
"../../../Engine/Content/EditorMeshes/Camera/SM_RailRig_Mount.uasset" 306
"../../../Engine/Content/EditorMeshes/Camera/SM_RailRig_Mount.uexp" 307
"../../../Engine/Content/EditorMeshes/Camera/SM_RailRig_Track.uasset" 308
"../../../Engine/Content/EditorMeshes/Camera/SM_RailRig_Track.uexp" 309
"../../../Engine/Content/EditorResources/BSPVertex.uasset" 310
"../../../Engine/Content/EditorResources/BSPVertex.uexp" 311
"../../../Engine/Content/EditorResources/EmptyActor.uasset" 312
"../../../Engine/Content/EditorResources/EmptyActor.uexp" 313
"../../../Engine/Content/EditorResources/S_Actor.uasset" 314
"../../../Engine/Content/EditorResources/S_Actor.uexp" 315
"../../../Engine/Content/EditorResources/S_Actor.ubulk" 316
"../../../Engine/Content/EditorResources/S_Note.uasset" 317
"../../../Engine/Content/EditorResources/S_Note.uexp" 318
"../../../Engine/Content/EditorResources/S_Note.ubulk" 319
"../../../Engine/Content/EditorResources/S_Solver.uasset" 320
"../../../Engine/Content/EditorResources/S_Solver.uexp" 321
"../../../Engine/Content/EditorResources/S_Solver.ubulk" 322
"../../../Engine/Content/EditorResources/S_Terrain.uasset" 323
"../../../Engine/Content/EditorResources/S_Terrain.uexp" 324
"../../../Engine/Content/EditorResources/S_Terrain.ubulk" 325
"../../../Engine/Content/EditorResources/S_Trigger.uasset" 326
"../../../Engine/Content/EditorResources/S_Trigger.uexp" 327
"../../../Engine/Content/EditorResources/S_Trigger.ubulk" 328
"../../../Engine/Content/EditorResources/SequenceRecorder/Countdown.uasset" 329
"../../../Engine/Content/EditorResources/SequenceRecorder/Countdown.uexp" 330
"../../../Engine/Content/EditorResources/SequenceRecorder/RecordingIndicator.uasset" 331
"../../../Engine/Content/EditorResources/SequenceRecorder/RecordingIndicator.uexp" 332
"../../../Engine/Content/EngineDamageTypes/DmgTypeBP_Environmental.uasset" 333
"../../../Engine/Content/EngineDamageTypes/DmgTypeBP_Environmental.uexp" 334
"../../../Engine/Content/EngineDebugMaterials/DebugEditorMaterial.uasset" 335
"../../../Engine/Content/EngineDebugMaterials/DebugEditorMaterial.uexp" 336
"../../../Engine/Content/EngineDebugMaterials/DebugMeshMaterial.uasset" 337
"../../../Engine/Content/EngineDebugMaterials/DebugMeshMaterial.uexp" 338
"../../../Engine/Content/EngineDebugMaterials/M_SimpleUnlitTranslucent.uasset" 339
"../../../Engine/Content/EngineDebugMaterials/M_SimpleUnlitTranslucent.uexp" 340
"../../../Engine/Content/EngineDebugMaterials/VolumeToRender.uasset" 341
"../../../Engine/Content/EngineDebugMaterials/VolumeToRender.uexp" 342
"../../../Engine/Content/Functions/Engine_MaterialFunctions02/Utility/CameraDirectionVector.uasset" 343
"../../../Engine/Content/Functions/Engine_MaterialFunctions02/Utility/CameraDirectionVector.uexp" 344
"../../../Engine/Content/EngineDebugMaterials/M_VolumeRenderSphereTracePP.uasset" 345
"../../../Engine/Content/EngineDebugMaterials/M_VolumeRenderSphereTracePP.uexp" 346
"../../../Engine/Content/Functions/Engine_MaterialFunctions01/Shading/ConvertFromDiffSpec.uasset" 347
"../../../Engine/Content/Functions/Engine_MaterialFunctions01/Shading/ConvertFromDiffSpec.uexp" 348
"../../../Engine/Content/EngineDebugMaterials/VertexColorMaterial.uasset" 349
"../../../Engine/Content/EngineDebugMaterials/VertexColorMaterial.uexp" 350
"../../../Engine/Content/EngineDebugMaterials/WireframeMaterial.uasset" 351
"../../../Engine/Content/EngineDebugMaterials/WireframeMaterial.uexp" 352
"../../../Engine/Content/EngineFonts/Faces/RobotoRegular.uasset" 353
"../../../Engine/Content/EngineFonts/Faces/RobotoRegular.uexp" 354
"../../../Engine/Content/EngineFonts/Faces/RobotoRegular.ufont" 355
"../../../Engine/Content/EngineFonts/Faces/RobotoLight.uasset" 356
"../../../Engine/Content/EngineFonts/Faces/RobotoLight.uexp" 357
"../../../Engine/Content/EngineFonts/Faces/RobotoLight.ufont" 358
"../../../Engine/Content/EngineFonts/Faces/RobotoItalic.uasset" 359
"../../../Engine/Content/EngineFonts/Faces/RobotoItalic.uexp" 360
"../../../Engine/Content/EngineFonts/Faces/RobotoItalic.ufont" 361
"../../../Engine/Content/EngineFonts/Faces/RobotoBoldItalic.uasset" 362
"../../../Engine/Content/EngineFonts/Faces/RobotoBoldItalic.uexp" 363
"../../../Engine/Content/EngineFonts/Faces/RobotoBoldItalic.ufont" 364
"../../../Engine/Content/EngineFonts/Faces/RobotoBold.uasset" 365
"../../../Engine/Content/EngineFonts/Faces/RobotoBold.uexp" 366
"../../../Engine/Content/EngineFonts/Faces/RobotoBold.ufont" 367
"../../../Engine/Content/EngineFonts/Faces/DroidSansFallback.uasset" 368
"../../../Engine/Content/EngineFonts/Faces/DroidSansFallback.uexp" 369
"../../../Engine/Content/EngineFonts/Faces/DroidSansFallback.ufont" 370
"../../../Engine/Content/EngineFonts/Roboto.uasset" 371
"../../../Engine/Content/EngineFonts/Roboto.uexp" 372
"../../../Engine/Content/EngineMaterials/BaseFlattenNormalMap.uasset" 373
"../../../Engine/Content/EngineMaterials/BaseFlattenNormalMap.uexp" 374
"../../../Engine/Content/EngineMaterials/BaseFlattenGrayscaleMap.uasset" 375
"../../../Engine/Content/EngineMaterials/BaseFlattenGrayscaleMap.uexp" 376
"../../../Engine/Content/EngineMaterials/BaseFlattenEmissiveMap.uasset" 377
"../../../Engine/Content/EngineMaterials/BaseFlattenEmissiveMap.uexp" 378
"../../../Engine/Content/EngineMaterials/BaseFlattenDiffuseMap.uasset" 379
"../../../Engine/Content/EngineMaterials/BaseFlattenDiffuseMap.uexp" 380
"../../../Engine/Content/EngineMaterials/BaseFlattenMaterial.uasset" 381
"../../../Engine/Content/EngineMaterials/BaseFlattenMaterial.uexp" 382
"../../../Engine/Content/EngineMaterials/BlueNoise.uasset" 383
"../../../Engine/Content/EngineMaterials/BlueNoise.uexp" 384
"../../../Engine/Content/EngineMaterials/DefaultBloomKernel.uasset" 385
"../../../Engine/Content/EngineMaterials/DefaultBloomKernel.uexp" 386
"../../../Engine/Content/EngineMaterials/DefaultBokeh.uasset" 387
"../../../Engine/Content/EngineMaterials/DefaultBokeh.uexp" 388
"../../../Engine/Content/EngineMaterials/DefaultDiffuse.uasset" 389
"../../../Engine/Content/EngineMaterials/DefaultDiffuse.uexp" 390
"../../../Engine/Content/EngineMaterials/DefaultDiffuse.ubulk" 391
"../../../Engine/Content/EngineMaterials/DefaultDeferredDecalMaterial.uasset" 392
"../../../Engine/Content/EngineMaterials/DefaultDeferredDecalMaterial.uexp" 393
"../../../Engine/Content/EngineMaterials/DefaultLightFunctionMaterial.uasset" 394
"../../../Engine/Content/EngineMaterials/DefaultLightFunctionMaterial.uexp" 395
"../../../Engine/Content/EngineMaterials/DefaultPhysicalMaterial.uasset" 396
"../../../Engine/Content/EngineMaterials/DefaultPhysicalMaterial.uexp" 397
"../../../Engine/Content/Functions/Engine_MaterialFunctions02/Utility/BreakOutFloat2Components.uasset" 398
"../../../Engine/Content/Functions/Engine_MaterialFunctions02/Utility/BreakOutFloat2Components.uexp" 399
"../../../Engine/Content/EngineMaterials/DefaultPostProcessMaterial.uasset" 400
"../../../Engine/Content/EngineMaterials/DefaultPostProcessMaterial.uexp" 401
"../../../Engine/Content/EngineFonts/RobotoDistanceField.uasset" 402
"../../../Engine/Content/EngineFonts/RobotoDistanceField.uexp" 403
"../../../Engine/Content/EngineMaterials/DefaultTextMaterialOpaque.uasset" 404
"../../../Engine/Content/EngineMaterials/DefaultTextMaterialOpaque.uexp" 405
"../../../Engine/Content/EngineMaterials/DefaultWhiteGrid.uasset" 406
"../../../Engine/Content/EngineMaterials/DefaultWhiteGrid.uexp" 407
"../../../Engine/Content/EngineMaterials/DefaultWhiteGrid.ubulk" 408
"../../../Engine/Content/EngineMaterials/DefaultWhiteGrid_Low.uasset" 409
"../../../Engine/Content/EngineMaterials/DefaultWhiteGrid_Low.uexp" 410
"../../../Engine/Content/EngineMaterials/EmissiveMeshMaterial.uasset" 411
"../../../Engine/Content/EngineMaterials/EmissiveMeshMaterial.uexp" 412
"../../../Engine/Content/EngineMaterials/GizmoMaterial.uasset" 413
"../../../Engine/Content/EngineMaterials/GizmoMaterial.uexp" 414
"../../../Engine/Content/EngineMaterials/Good64x64TilingNoiseHighFreq.uasset" 415
"../../../Engine/Content/EngineMaterials/Good64x64TilingNoiseHighFreq.uexp" 416
"../../../Engine/Content/EngineMaterials/MiniFont.uasset" 417
"../../../Engine/Content/EngineMaterials/MiniFont.uexp" 418
"../../../Engine/Content/EngineMaterials/InvalidLightmapSettings.uasset" 419
"../../../Engine/Content/EngineMaterials/InvalidLightmapSettings.uexp" 420
"../../../Engine/Content/EngineMaterials/InvalidLightmapSettings.ubulk" 421
"../../../Engine/Content/EngineMaterials/M_InvalidLightmapSettings.uasset" 422
"../../../Engine/Content/EngineMaterials/M_InvalidLightmapSettings.uexp" 423
"../../../Engine/Content/Functions/Engine_MaterialFunctions02/WorldPositionOffset/CameraOffset.uasset" 424
"../../../Engine/Content/Functions/Engine_MaterialFunctions02/WorldPositionOffset/CameraOffset.uexp" 425
"../../../Engine/Content/EngineMaterials/PhAT_JointLimitMaterial.uasset" 426
"../../../Engine/Content/EngineMaterials/PhAT_JointLimitMaterial.uexp" 427
"../../../Engine/Content/EngineMaterials/DefaultCalibrationColor.uasset" 428
"../../../Engine/Content/EngineMaterials/DefaultCalibrationColor.uexp" 429
"../../../Engine/Content/EngineMaterials/PPM_DefaultCalibrationColor.uasset" 430
"../../../Engine/Content/EngineMaterials/PPM_DefaultCalibrationColor.uexp" 431
"../../../Engine/Content/EngineMaterials/DefaultCalibrationGrayscale.uasset" 432
"../../../Engine/Content/EngineMaterials/DefaultCalibrationGrayscale.uexp" 433
"../../../Engine/Content/EngineMaterials/PPM_DefaultCalibrationGrayscale.uasset" 434
"../../../Engine/Content/EngineMaterials/PPM_DefaultCalibrationGrayscale.uexp" 435
"../../../Engine/Content/EngineMaterials/PreintegratedSkinBRDF.uasset" 436
"../../../Engine/Content/EngineMaterials/PreintegratedSkinBRDF.uexp" 437
"../../../Engine/Content/EngineMaterials/RemoveSurfaceMaterial.uasset" 438
"../../../Engine/Content/EngineMaterials/RemoveSurfaceMaterial.uexp" 439
"../../../Engine/Content/EngineMaterials/WeightMapPlaceholderTexture.uasset" 440
"../../../Engine/Content/EngineMaterials/WeightMapPlaceholderTexture.uexp" 441
"../../../Engine/Content/EngineResources/WhiteSquareTexture.uasset" 442
"../../../Engine/Content/EngineResources/WhiteSquareTexture.uexp" 443
"../../../Engine/Content/EngineMaterials/Widget3DPassThrough.uasset" 444
"../../../Engine/Content/EngineMaterials/Widget3DPassThrough.uexp" 445
"../../../Engine/Content/EngineMaterials/Widget3DPassThrough_Masked.uasset" 446
"../../../Engine/Content/EngineMaterials/Widget3DPassThrough_Masked.uexp" 447
"../../../Engine/Content/EngineMaterials/Widget3DPassThrough_Opaque.uasset" 448
"../../../Engine/Content/EngineMaterials/Widget3DPassThrough_Opaque.uexp" 449
"../../../Engine/Content/EngineMaterials/Widget3DPassThrough_Masked_OneSided.uasset" 450
"../../../Engine/Content/EngineMaterials/Widget3DPassThrough_Masked_OneSided.uexp" 451
"../../../Engine/Content/EngineMaterials/Widget3DPassThrough_Opaque_OneSided.uasset" 452
"../../../Engine/Content/EngineMaterials/Widget3DPassThrough_Opaque_OneSided.uexp" 453
"../../../Engine/Content/EngineMaterials/Widget3DPassThrough_Translucent.uasset" 454
"../../../Engine/Content/EngineMaterials/Widget3DPassThrough_Translucent.uexp" 455
"../../../Engine/Content/EngineMaterials/Widget3DPassThrough_Translucent_OneSided.uasset" 456
"../../../Engine/Content/EngineMaterials/Widget3DPassThrough_Translucent_OneSided.uexp" 457
"../../../Engine/Content/EngineMeshes/Cylinder.uasset" 458
"../../../Engine/Content/EngineMeshes/Cylinder.uexp" 459
"../../../Engine/Content/EngineMeshes/Sphere.uasset" 460
"../../../Engine/Content/EngineMeshes/Sphere.uexp" 461
"../../../Engine/Content/EngineResources/Black.uasset" 462
"../../../Engine/Content/EngineResources/Black.uexp" 463
"../../../Engine/Content/EngineResources/DefaultTexture.uasset" 464
"../../../Engine/Content/EngineResources/DefaultTexture.uexp" 465
"../../../Engine/Content/EngineResources/DefaultTexture.ubulk" 466
"../../../Engine/Content/EngineResources/DefaultTextureCube.uasset" 467
"../../../Engine/Content/EngineResources/DefaultTextureCube.uexp" 468
"../../../Engine/Content/EngineResources/DefaultVolumeTexture2D.uasset" 469
"../../../Engine/Content/EngineResources/DefaultVolumeTexture2D.uexp" 470
"../../../Engine/Content/EngineResources/DefaultVolumeTexture.uasset" 471
"../../../Engine/Content/EngineResources/DefaultVolumeTexture.uexp" 472
"../../../Engine/Content/EngineResources/GradientTexture0.uasset" 473
"../../../Engine/Content/EngineResources/GradientTexture0.uexp" 474
"../../../Engine/Content/EngineSky/VolumetricClouds/T_NoiseShape64.uasset" 475
"../../../Engine/Content/EngineSky/VolumetricClouds/T_NoiseShape64.uexp" 476
"../../../Engine/Content/EngineSky/VolumetricClouds/T_NoiseShape64.ubulk" 477
"../../../Engine/Content/EngineSky/VolumetricClouds/T_VolumeNoiseShape64.uasset" 478
"../../../Engine/Content/EngineSky/VolumetricClouds/T_VolumeNoiseShape64.uexp" 479
"../../../Engine/Content/EngineSky/VolumetricClouds/T_NoiseErosion.uasset" 480
"../../../Engine/Content/EngineSky/VolumetricClouds/T_NoiseErosion.uexp" 481
"../../../Engine/Content/EngineSky/VolumetricClouds/T_NoiseErosion.ubulk" 482
"../../../Engine/Content/EngineSky/VolumetricClouds/T_VolumeNoiseErosion32.uasset" 483
"../../../Engine/Content/EngineSky/VolumetricClouds/T_VolumeNoiseErosion32.uexp" 484
"../../../Engine/Content/Functions/Engine_MaterialFunctions02/Utility/MakeFloat2.uasset" 485
"../../../Engine/Content/Functions/Engine_MaterialFunctions02/Utility/MakeFloat2.uexp" 486
"../../../Engine/Content/EngineSky/VolumetricClouds/CloudWeatherTexture.uasset" 487
"../../../Engine/Content/EngineSky/VolumetricClouds/CloudWeatherTexture.uexp" 488
"../../../Engine/Content/EngineSky/VolumetricClouds/CloudGradientTexture.uasset" 489
"../../../Engine/Content/EngineSky/VolumetricClouds/CloudGradientTexture.uexp" 490
"../../../Engine/Content/EngineSky/VolumetricClouds/m_SimpleVolumetricCloud.uasset" 491
"../../../Engine/Content/EngineSky/VolumetricClouds/m_SimpleVolumetricCloud.uexp" 492
"../../../Engine/Content/EngineSky/VolumetricClouds/m_SimpleVolumetricCloud_Inst.uasset" 493
"../../../Engine/Content/EngineSky/VolumetricClouds/m_SimpleVolumetricCloud_Inst.uexp" 494
"../../../Engine/Content/EngineSounds/Master.uasset" 495
"../../../Engine/Content/EngineSounds/Master.uexp" 496
"../../../Engine/Content/Functions/Engine_MaterialFunctions01/Shading/PowerToRoughness.uasset" 497
"../../../Engine/Content/Functions/Engine_MaterialFunctions01/Shading/PowerToRoughness.uexp" 498
"../../../Engine/Content/Maps/Templates/Thumbnails/Default.uasset" 499
"../../../Engine/Content/Maps/Templates/Thumbnails/Default.uexp" 500
"../../../Engine/Content/Maps/Templates/Thumbnails/TimeOfDay.uasset" 501
"../../../Engine/Content/Maps/Templates/Thumbnails/TimeOfDay.uexp" 502
"../../../Engine/Content/Maps/Templates/Thumbnails/VR-Basic.uasset" 503
"../../../Engine/Content/Maps/Templates/Thumbnails/VR-Basic.uexp" 504
"../../../Engine/Content/MobileResources/T_MobileControls_texture.uasset" 505
"../../../Engine/Content/MobileResources/T_MobileControls_texture.uexp" 506
"../../../Engine/Content/MobileResources/T_MobileMenu2.uasset" 507
"../../../Engine/Content/MobileResources/T_MobileMenu2.uexp" 508
"../../../Engine/Content/MobileResources/HUD/AnalogHat.uasset" 509
"../../../Engine/Content/MobileResources/HUD/AnalogHat.uexp" 510
"../../../Engine/Content/MobileResources/HUD/VirtualJoystick_Thumb.uasset" 511
"../../../Engine/Content/MobileResources/HUD/VirtualJoystick_Thumb.uexp" 512
"../../../Engine/Content/MobileResources/HUD/VirtualJoystick_Background.uasset" 513
"../../../Engine/Content/MobileResources/HUD/VirtualJoystick_Background.uexp" 514
"../../../Engine/Content/MobileResources/HUD/DefaultVirtualJoysticks.uasset" 515
"../../../Engine/Content/MobileResources/HUD/DefaultVirtualJoysticks.uexp" 516
"../../../Engine/Content/MobileResources/HUD/LeftVirtualJoystickOnly.uasset" 517
"../../../Engine/Content/MobileResources/HUD/LeftVirtualJoystickOnly.uexp" 518
"../../../Engine/Content/MobileResources/HUD/MobileHUDButton1_off.uasset" 519
"../../../Engine/Content/MobileResources/HUD/MobileHUDButton1_off.uexp" 520
"../../../Engine/Content/MobileResources/HUD/MobileHUDButton1_on.uasset" 521
"../../../Engine/Content/MobileResources/HUD/MobileHUDButton1_on.uexp" 522
"../../../Engine/Content/MobileResources/HUD/MobileHUDButton2_off.uasset" 523
"../../../Engine/Content/MobileResources/HUD/MobileHUDButton2_off.uexp" 524
"../../../Engine/Content/MobileResources/HUD/MobileHUDButton2_on.uasset" 525
"../../../Engine/Content/MobileResources/HUD/MobileHUDButton2_on.uexp" 526
"../../../Engine/Content/MobileResources/HUD/MobileHUDButton3.uasset" 527
"../../../Engine/Content/MobileResources/HUD/MobileHUDButton3.uexp" 528
"../../../Engine/Content/MobileResources/HUD/MobileHUDButtonFire.uasset" 529
"../../../Engine/Content/MobileResources/HUD/MobileHUDButtonFire.uexp" 530
"../../../Engine/Content/MobileResources/HUD/MobileHUDDirectionPad.uasset" 531
"../../../Engine/Content/MobileResources/HUD/MobileHUDDirectionPad.uexp" 532
"../../../Engine/Content/MobileResources/HUD/MobileHUDDirectionPad2.uasset" 533
"../../../Engine/Content/MobileResources/HUD/MobileHUDDirectionPad2.uexp" 534
"../../../Engine/Content/MobileResources/HUD/MobileHUDDirectionPad3.uasset" 535
"../../../Engine/Content/MobileResources/HUD/MobileHUDDirectionPad3.uexp" 536
"../../../Engine/Content/MobileResources/HUD/MobileHUDDirectionStick.uasset" 537
"../../../Engine/Content/MobileResources/HUD/MobileHUDDirectionStick.uexp" 538
"../../../Engine/Content/MobileResources/HUD/T_Castle_ThumbstickInner.uasset" 539
"../../../Engine/Content/MobileResources/HUD/T_Castle_ThumbstickInner.uexp" 540
"../../../Engine/Content/MobileResources/HUD/T_Castle_ThumbstickOutter.uasset" 541
"../../../Engine/Content/MobileResources/HUD/T_Castle_ThumbstickOutter.uexp" 542
"../../../Engine/Content/Tutorial/ContentIntroCurve.uasset" 543
"../../../Engine/Content/Tutorial/ContentIntroCurve.uexp" 544
"../../../Engine/Content/Tutorial/Basics/TutorialAssets/icon_tab_Levels_40x.uasset" 545
"../../../Engine/Content/Tutorial/Basics/TutorialAssets/icon_tab_Levels_40x.uexp" 546
"../../../Engine/Content/VREditor/TransformGizmo/TranslucentTransformGizmoMaterial.uasset" 547
"../../../Engine/Content/VREditor/TransformGizmo/TranslucentTransformGizmoMaterial.uexp" 548
"../../../Engine/Content/VREditor/LaserPointer/VR_LaserPower_01.uasset" 549
"../../../Engine/Content/VREditor/LaserPointer/VR_LaserPower_01.uexp" 550
"../../../Engine/Content/VREditor/LaserPointer/VR_LaserPower_01.ubulk" 551
"../../../Engine/Content/VREditor/TransformGizmo/TransformGizmoMaterial.uasset" 552
"../../../Engine/Content/VREditor/TransformGizmo/TransformGizmoMaterial.uexp" 553
"../../../Engine/Content/VREditor/TransformGizmo/BoundingBoxCorner.uasset" 554
"../../../Engine/Content/VREditor/TransformGizmo/BoundingBoxCorner.uexp" 555
"../../../Engine/Content/VREditor/TransformGizmo/BoundingBoxEdge.uasset" 556
"../../../Engine/Content/VREditor/TransformGizmo/BoundingBoxEdge.uexp" 557
"../../../Engine/Content/VREditor/TransformGizmo/PlaneTranslationHandle.uasset" 558
"../../../Engine/Content/VREditor/TransformGizmo/PlaneTranslationHandle.uexp" 559
"../../../Engine/Content/VREditor/TransformGizmo/Xray.uasset" 560
"../../../Engine/Content/VREditor/TransformGizmo/Xray.uexp" 561
"../../../Engine/Content/VREditor/TransformGizmo/Main.uasset" 562
"../../../Engine/Content/VREditor/TransformGizmo/Main.uexp" 563
"../../../Engine/Content/VREditor/TransformGizmo/SM_Sequencer_Key.uasset" 564
"../../../Engine/Content/VREditor/TransformGizmo/SM_Sequencer_Key.uexp" 565
"../../../Engine/Content/VREditor/TransformGizmo/SM_Sequencer_Node.uasset" 566
"../../../Engine/Content/VREditor/TransformGizmo/SM_Sequencer_Node.uexp" 567
"../../../Engine/Plugins/2D/Paper2D/Content/PlaceholderTextures/DummySpriteTexture.uasset" 568
"../../../Engine/Plugins/2D/Paper2D/Content/PlaceholderTextures/DummySpriteTexture.uexp" 569
"../../../Engine/Plugins/2D/Paper2D/Content/PlaceholderTextures/DummySpriteTexture.ubulk" 570
"../../../Engine/Plugins/2D/Paper2D/Content/DummySprite.uasset" 571
"../../../Engine/Plugins/2D/Paper2D/Content/DummySprite.uexp" 572
"../../../Engine/Plugins/2D/Paper2D/Content/DefaultPaperTerrainMaterial.uasset" 573
"../../../Engine/Plugins/2D/Paper2D/Content/DefaultPaperTerrainMaterial.uexp" 574
"../../../Engine/Plugins/2D/Paper2D/Content/DefaultSpriteMaterial.uasset" 575
"../../../Engine/Plugins/2D/Paper2D/Content/DefaultSpriteMaterial.uexp" 576
"../../../Engine/Plugins/2D/Paper2D/Content/MaskedUnlitSpriteMaterial.uasset" 577
"../../../Engine/Plugins/2D/Paper2D/Content/MaskedUnlitSpriteMaterial.uexp" 578
"../../../Engine/Plugins/2D/Paper2D/Content/OpaqueUnlitSpriteMaterial.uasset" 579
"../../../Engine/Plugins/2D/Paper2D/Content/OpaqueUnlitSpriteMaterial.uexp" 580
"../../../Engine/Content/Functions/Engine_MaterialFunctions02/ObjectLocalBounds.uasset" 581
"../../../Engine/Content/Functions/Engine_MaterialFunctions02/ObjectLocalBounds.uexp" 582
"../../../Engine/Content/Functions/Engine_MaterialFunctions02/Utility/VectorLength.uasset" 583
"../../../Engine/Content/Functions/Engine_MaterialFunctions02/Utility/VectorLength.uexp" 584
"../../../Engine/Content/Functions/Engine_MaterialFunctions02/WorldPositionOffset/ObjectScale.uasset" 585
"../../../Engine/Content/Functions/Engine_MaterialFunctions02/WorldPositionOffset/ObjectScale.uexp" 586
"../../../Engine/Content/Functions/Engine_MaterialFunctions02/Utility/BreakOutFloat3Components.uasset" 587
"../../../Engine/Content/Functions/Engine_MaterialFunctions02/Utility/BreakOutFloat3Components.uexp" 588
"../../../Engine/Content/Functions/Engine_MaterialFunctions02/UVs/BoundingBoxBased_0-1_UVW.uasset" 589
"../../../Engine/Content/Functions/Engine_MaterialFunctions02/UVs/BoundingBoxBased_0-1_UVW.uexp" 590
"../../../Engine/Content/Functions/Engine_MaterialFunctions02/SafeNormalize.uasset" 591
"../../../Engine/Content/Functions/Engine_MaterialFunctions02/SafeNormalize.uexp" 592
"../../../Engine/Plugins/Editor/SpeedTreeImporter/Content/SpeedTree9/UnpackInteger3.uasset" 593
"../../../Engine/Plugins/Editor/SpeedTreeImporter/Content/SpeedTree9/UnpackInteger3.uexp" 594
"../../../Engine/Plugins/Editor/SpeedTreeImporter/Content/SpeedTree9/UnpackDirection.uasset" 595
"../../../Engine/Plugins/Editor/SpeedTreeImporter/Content/SpeedTree9/UnpackDirection.uexp" 596
"../../../Engine/Plugins/Editor/SpeedTreeImporter/Content/SpeedTree9/game_wind_noise.uasset" 597
"../../../Engine/Plugins/Editor/SpeedTreeImporter/Content/SpeedTree9/game_wind_noise.uexp" 598
"../../../Engine/Plugins/Editor/SpeedTreeImporter/Content/SpeedTree9/game_wind_noise.ubulk" 599
"../../../Engine/Plugins/Editor/SpeedTreeImporter/Content/SpeedTree9/SpeedTreeWindMotion.uasset" 600
"../../../Engine/Plugins/Editor/SpeedTreeImporter/Content/SpeedTree9/SpeedTreeWindMotion.uexp" 601
"../../../Engine/Plugins/Editor/SpeedTreeImporter/Content/SpeedTree9/SpeedTreeBranchMotion.uasset" 602
"../../../Engine/Plugins/Editor/SpeedTreeImporter/Content/SpeedTree9/SpeedTreeBranchMotion.uexp" 603
"../../../Engine/Plugins/Editor/SpeedTreeImporter/Content/SpeedTree9/SpeedTreeWind.uasset" 604
"../../../Engine/Plugins/Editor/SpeedTreeImporter/Content/SpeedTree9/SpeedTreeWind.uexp" 605
"../../../Engine/Plugins/Editor/SpeedTreeImporter/Content/SpeedTree9/SpeedTreeBillboard.uasset" 606
"../../../Engine/Plugins/Editor/SpeedTreeImporter/Content/SpeedTree9/SpeedTreeBillboard.uexp" 607
"../../../Engine/Plugins/Editor/SpeedTreeImporter/Content/SpeedTree9/EmptyNormal.uasset" 608
"../../../Engine/Plugins/Editor/SpeedTreeImporter/Content/SpeedTree9/EmptyNormal.uexp" 609
"../../../Engine/Plugins/Editor/SpeedTreeImporter/Content/SpeedTree9/Empty.uasset" 610
"../../../Engine/Plugins/Editor/SpeedTreeImporter/Content/SpeedTree9/Empty.uexp" 611
"../../../Engine/Plugins/Editor/SpeedTreeImporter/Content/SpeedTree9/SpeedTreeBillboardMaster.uasset" 612
"../../../Engine/Plugins/Editor/SpeedTreeImporter/Content/SpeedTree9/SpeedTreeBillboardMaster.uexp" 613
"../../../Engine/Plugins/Editor/SpeedTreeImporter/Content/SpeedTree9/SpeedTreeCameraFacing.uasset" 614
"../../../Engine/Plugins/Editor/SpeedTreeImporter/Content/SpeedTree9/SpeedTreeCameraFacing.uexp" 615
"../../../Engine/Plugins/Editor/SpeedTreeImporter/Content/SpeedTree9/SpeedTreeMaster.uasset" 616
"../../../Engine/Plugins/Editor/SpeedTreeImporter/Content/SpeedTree9/SpeedTreeMaster.uexp" 617
"../../../Engine/Content/BasicShapes/Cylinder.uasset" 618
"../../../Engine/Content/BasicShapes/Cylinder.uexp" 619
"../../../Engine/Content/ArtTools/RenderToTexture/Materials/Debug/M_Emissive_Color.uasset" 620
"../../../Engine/Content/ArtTools/RenderToTexture/Materials/Debug/M_Emissive_Color.uexp" 621
"../../../Engine/Plugins/Lumin/MagicLeapPassableWorld/Content/MagicLeapARPinInfoActor.uasset" 622
"../../../Engine/Plugins/Lumin/MagicLeapPassableWorld/Content/MagicLeapARPinInfoActor.uexp" 623
"../../../Engine/Content/Functions/Engine_MaterialFunctions02/Utility/MakeFloat3.uasset" 624
"../../../Engine/Content/Functions/Engine_MaterialFunctions02/Utility/MakeFloat3.uexp" 625
"../../../Engine/Content/Functions/Engine_MaterialFunctions02/Utility/BreakOutFloat4Components.uasset" 626
"../../../Engine/Content/Functions/Engine_MaterialFunctions02/Utility/BreakOutFloat4Components.uexp" 627
"../../../Engine/Plugins/Runtime/Oculus/OculusVR/Content/Materials/OculusMR_ChromaKey.uasset" 628
"../../../Engine/Plugins/Runtime/Oculus/OculusVR/Content/Materials/OculusMR_ChromaKey.uexp" 629
"../../../Engine/Plugins/Runtime/Oculus/OculusVR/Content/Materials/OculusMR_OpaqueColoredMaterial.uasset" 630
"../../../Engine/Plugins/Runtime/Oculus/OculusVR/Content/Materials/OculusMR_OpaqueColoredMaterial.uexp" 631
"../../../Engine/Plugins/Runtime/Oculus/OculusVR/Content/Materials/PokeAHoleMaterial.uasset" 632
"../../../Engine/Plugins/Runtime/Oculus/OculusVR/Content/Materials/PokeAHoleMaterial.uexp" 633
"../../../Engine/Plugins/Runtime/Oculus/OculusVR/Content/Textures/touchController_controlmap.uasset" 634
"../../../Engine/Plugins/Runtime/Oculus/OculusVR/Content/Textures/touchController_controlmap.uexp" 635
"../../../Engine/Plugins/Runtime/Oculus/OculusVR/Content/Textures/touchController_controlmap.ubulk" 636
"../../../Engine/Plugins/Runtime/Oculus/OculusVR/Content/Textures/touchController_albedo.uasset" 637
"../../../Engine/Plugins/Runtime/Oculus/OculusVR/Content/Textures/touchController_albedo.uexp" 638
"../../../Engine/Plugins/Runtime/Oculus/OculusVR/Content/Textures/touchController_albedo.ubulk" 639
"../../../Engine/Plugins/Runtime/Oculus/OculusVR/Content/Materials/touchController_mat.uasset" 640
"../../../Engine/Plugins/Runtime/Oculus/OculusVR/Content/Materials/touchController_mat.uexp" 641
"../../../Engine/Plugins/Runtime/Oculus/OculusVR/Content/Meshes/LeftTouchController.uasset" 642
"../../../Engine/Plugins/Runtime/Oculus/OculusVR/Content/Meshes/LeftTouchController.uexp" 643
"../../../Engine/Plugins/Runtime/Oculus/OculusVR/Content/Textures/TouchForQuestRiftSController_albedo.uasset" 644
"../../../Engine/Plugins/Runtime/Oculus/OculusVR/Content/Textures/TouchForQuestRiftSController_albedo.uexp" 645
"../../../Engine/Plugins/Runtime/Oculus/OculusVR/Content/Textures/TouchForQuestRiftSController_albedo.ubulk" 646
"../../../Engine/Plugins/Runtime/Oculus/OculusVR/Content/Materials/TouchForQuestRiftSControllerMaterial.uasset" 647
"../../../Engine/Plugins/Runtime/Oculus/OculusVR/Content/Materials/TouchForQuestRiftSControllerMaterial.uexp" 648
"../../../Engine/Plugins/Runtime/Oculus/OculusVR/Content/Meshes/LeftTouchForQuestRiftSController.uasset" 649
"../../../Engine/Plugins/Runtime/Oculus/OculusVR/Content/Meshes/LeftTouchForQuestRiftSController.uexp" 650
"../../../Engine/Plugins/Runtime/Oculus/OculusVR/Content/Meshes/RiftHMD.uasset" 651
"../../../Engine/Plugins/Runtime/Oculus/OculusVR/Content/Meshes/RiftHMD.uexp" 652
"../../../Engine/Plugins/Runtime/Oculus/OculusVR/Content/Meshes/RightTouchController.uasset" 653
"../../../Engine/Plugins/Runtime/Oculus/OculusVR/Content/Meshes/RightTouchController.uexp" 654
"../../../Engine/Plugins/Runtime/Oculus/OculusVR/Content/Meshes/RightTouchForQuestRiftSController.uasset" 655
"../../../Engine/Plugins/Runtime/Oculus/OculusVR/Content/Meshes/RightTouchForQuestRiftSController.uexp" 656
"D:/UE Projects/RebelWars/Content/Levels/MainMenu.uexp" 657
"D:/UE Projects/RebelWars/Content/Levels/MainMenu.umap" 658
"D:/UE Projects/RebelWars/Content/Blueprints/Player/BP_PlayerStart.uasset" 659
"D:/UE Projects/RebelWars/Content/Blueprints/Player/BP_PlayerStart.uexp" 660
"D:/UE Projects/RebelWars/Content/Sound/Wav/makarovfire.uasset" 661
"D:/UE Projects/RebelWars/Content/Sound/Wav/makarovfire.uexp" 662
"D:/UE Projects/RebelWars/Content/Sound/SC_MakarovFire.uasset" 663
"D:/UE Projects/RebelWars/Content/Sound/SC_MakarovFire.uexp" 664
"D:/UE Projects/RebelWars/Content/Textures/Weapons/T_Makarov1P.uasset" 665
"D:/UE Projects/RebelWars/Content/Textures/Weapons/T_Makarov1P.uexp" 666
"D:/UE Projects/RebelWars/Content/Textures/Weapons/T_Makarov1P.ubulk" 667
"D:/UE Projects/RebelWars/Content/Materials/Weapons/M_Makarov1P.uasset" 668
"D:/UE Projects/RebelWars/Content/Materials/Weapons/M_Makarov1P.uexp" 669
"D:/UE Projects/RebelWars/Content/Meshes/Weapons/SM_Makarov3P.uasset" 670
"D:/UE Projects/RebelWars/Content/Meshes/Weapons/SM_Makarov3P.uexp" 671
"../../../Engine/Content/EngineMaterials/OrientParticle.uasset" 672
"../../../Engine/Content/EngineMaterials/OrientParticle.uexp" 673
"../../../Engine/Content/EngineMaterials/DefaultParticle.uasset" 674
"../../../Engine/Content/EngineMaterials/DefaultParticle.uexp" 675
"D:/UE Projects/RebelWars/Content/FX/PS_TestMuzzleflash.uasset" 676
"D:/UE Projects/RebelWars/Content/FX/PS_TestMuzzleflash.uexp" 677
"D:/UE Projects/RebelWars/Content/Animated/Animation/Weapons/Makarov/ANIM_MakarovDefaultDry.uasset" 678
"D:/UE Projects/RebelWars/Content/Animated/Animation/Weapons/Makarov/ANIM_MakarovDefaultDry.uexp" 679
"D:/UE Projects/RebelWars/Content/Sound/Wav/MakarovMagOutStart.uasset" 680
"D:/UE Projects/RebelWars/Content/Sound/Wav/MakarovMagOutStart.uexp" 681
"D:/UE Projects/RebelWars/Content/Sound/SC_MakarovMagOutStart.uasset" 682
"D:/UE Projects/RebelWars/Content/Sound/SC_MakarovMagOutStart.uexp" 683
"D:/UE Projects/RebelWars/Content/Sound/Wav/MakarovMagOutFinish.uasset" 684
"D:/UE Projects/RebelWars/Content/Sound/Wav/MakarovMagOutFinish.uexp" 685
"D:/UE Projects/RebelWars/Content/Sound/SC_MakarovMagOutFinish.uasset" 686
"D:/UE Projects/RebelWars/Content/Sound/SC_MakarovMagOutFinish.uexp" 687
"D:/UE Projects/RebelWars/Content/Sound/Wav/MakarovMagInsert.uasset" 688
"D:/UE Projects/RebelWars/Content/Sound/Wav/MakarovMagInsert.uexp" 689
"D:/UE Projects/RebelWars/Content/Sound/SC_MakarovMagInsert.uasset" 690
"D:/UE Projects/RebelWars/Content/Sound/SC_MakarovMagInsert.uexp" 691
"D:/UE Projects/RebelWars/Content/Sound/Wav/MakarovSlideLockRelease.uasset" 692
"D:/UE Projects/RebelWars/Content/Sound/Wav/MakarovSlideLockRelease.uexp" 693
"D:/UE Projects/RebelWars/Content/Sound/SC_MakarovSlideLockRelease.uasset" 694
"D:/UE Projects/RebelWars/Content/Sound/SC_MakarovSlideLockRelease.uexp" 695
"D:/UE Projects/RebelWars/Content/Sound/Wav/grab.uasset" 696
"D:/UE Projects/RebelWars/Content/Sound/Wav/grab.uexp" 697
"D:/UE Projects/RebelWars/Content/Sound/SC_Grab.uasset" 698
"D:/UE Projects/RebelWars/Content/Sound/SC_Grab.uexp" 699
"D:/UE Projects/RebelWars/Content/Animated/Animation/Weapons/Makarov/ANIM_MakarovReloadDry.uasset" 700
"D:/UE Projects/RebelWars/Content/Animated/Animation/Weapons/Makarov/ANIM_MakarovReloadDry.uexp" 701
"D:/UE Projects/RebelWars/Content/Animated/Animation/Weapons/Makarov/AM_MakarovReloadDry.uasset" 702
"D:/UE Projects/RebelWars/Content/Animated/Animation/Weapons/Makarov/AM_MakarovReloadDry.uexp" 703
"D:/UE Projects/RebelWars/Content/Animated/Animation/Weapons/Makarov/ANIM_MakarovReload.uasset" 704
"D:/UE Projects/RebelWars/Content/Animated/Animation/Weapons/Makarov/ANIM_MakarovReload.uexp" 705
"D:/UE Projects/RebelWars/Content/Animated/Animation/Weapons/Makarov/AM_MakarovReload.uasset" 706
"D:/UE Projects/RebelWars/Content/Animated/Animation/Weapons/Makarov/AM_MakarovReload.uexp" 707
"D:/UE Projects/RebelWars/Content/Animated/Animation/Weapons/Makarov/ANIM_MakarovFireDry.uasset" 708
"D:/UE Projects/RebelWars/Content/Animated/Animation/Weapons/Makarov/ANIM_MakarovFireDry.uexp" 709
"D:/UE Projects/RebelWars/Content/Animated/Animation/Weapons/Makarov/AM_MakarovFireDry.uasset" 710
"D:/UE Projects/RebelWars/Content/Animated/Animation/Weapons/Makarov/AM_MakarovFireDry.uexp" 711
"D:/UE Projects/RebelWars/Content/Animated/Animation/Weapons/Makarov/ANIM_MakarovFire.uasset" 712
"D:/UE Projects/RebelWars/Content/Animated/Animation/Weapons/Makarov/ANIM_MakarovFire.uexp" 713
"D:/UE Projects/RebelWars/Content/Animated/Animation/Weapons/Makarov/AM_MakarovFire.uasset" 714
"D:/UE Projects/RebelWars/Content/Animated/Animation/Weapons/Makarov/AM_MakarovFire.uexp" 715
"D:/UE Projects/RebelWars/Content/Sound/Wav/MakarovDeploy.uasset" 716
"D:/UE Projects/RebelWars/Content/Sound/Wav/MakarovDeploy.uexp" 717
"D:/UE Projects/RebelWars/Content/Sound/SC_MakarovDeploy.uasset" 718
"D:/UE Projects/RebelWars/Content/Sound/SC_MakarovDeploy.uexp" 719
"D:/UE Projects/RebelWars/Content/Animated/Animation/Weapons/Makarov/ANIM_MakarovDeploy.uasset" 720
"D:/UE Projects/RebelWars/Content/Animated/Animation/Weapons/Makarov/ANIM_MakarovDeploy.uexp" 721
"D:/UE Projects/RebelWars/Content/Animated/Animation/Weapons/Makarov/AM_MakarovDeploy.uasset" 722
"D:/UE Projects/RebelWars/Content/Animated/Animation/Weapons/Makarov/AM_MakarovDeploy.uexp" 723
"D:/UE Projects/RebelWars/Content/Animated/Animation/Weapons/Makarov/ANIM_MakarovDefault.uasset" 724
"D:/UE Projects/RebelWars/Content/Animated/Animation/Weapons/Makarov/ANIM_MakarovDefault.uexp" 725
"D:/UE Projects/RebelWars/Content/MakarovRecoilCurve.uasset" 726
"D:/UE Projects/RebelWars/Content/MakarovRecoilCurve.uexp" 727
"D:/UE Projects/RebelWars/Content/Physics/Weapons/PHYS_Makarov1P.uasset" 728
"D:/UE Projects/RebelWars/Content/Physics/Weapons/PHYS_Makarov1P.uexp" 729
"D:/UE Projects/RebelWars/Content/Meshes/Weapons/SK_Makarov1P.uasset" 730
"D:/UE Projects/RebelWars/Content/Meshes/Weapons/SK_Makarov1P.uexp" 731
"D:/UE Projects/RebelWars/Content/Animated/SKEL_CombatCharacter.uasset" 732
"D:/UE Projects/RebelWars/Content/Animated/SKEL_CombatCharacter.uexp" 733
"D:/UE Projects/RebelWars/Content/Animated/Animation/Rebel/ANIM_RebelPistolHipIdle.uasset" 734
"D:/UE Projects/RebelWars/Content/Animated/Animation/Rebel/ANIM_RebelPistolHipIdle.uexp" 735
"D:/UE Projects/RebelWars/Content/Animated/Animation/Rebel/ANIM_RebelPistolHipFire.uasset" 736
"D:/UE Projects/RebelWars/Content/Animated/Animation/Rebel/ANIM_RebelPistolHipFire.uexp" 737
"D:/UE Projects/RebelWars/Content/Animated/Animation/Rebel/AM_RebelPistolHipFire.uasset" 738
"D:/UE Projects/RebelWars/Content/Animated/Animation/Rebel/AM_RebelPistolHipFire.uexp" 739
"D:/UE Projects/RebelWars/Content/Animated/Animation/Rebel/ANIM_RebelPistolReload.uasset" 740
"D:/UE Projects/RebelWars/Content/Animated/Animation/Rebel/ANIM_RebelPistolReload.uexp" 741
"D:/UE Projects/RebelWars/Content/Animated/Animation/Rebel/AM_RebelPistolReload.uasset" 742
"D:/UE Projects/RebelWars/Content/Animated/Animation/Rebel/AM_RebelPistolReload.uexp" 743
"D:/UE Projects/RebelWars/Content/Blueprints/Items/BP_Makarov.uasset" 744
"D:/UE Projects/RebelWars/Content/Blueprints/Items/BP_Makarov.uexp" 745
"D:/UE Projects/RebelWars/Content/Sound/Wav/ak_shot.uasset" 746
"D:/UE Projects/RebelWars/Content/Sound/Wav/ak_shot.uexp" 747
"D:/UE Projects/RebelWars/Content/Sound/SC_AKShot.uasset" 748
"D:/UE Projects/RebelWars/Content/Sound/SC_AKShot.uexp" 749
"D:/UE Projects/RebelWars/Content/Physics/Weapons/PHYS_AK1P.uasset" 750
"D:/UE Projects/RebelWars/Content/Physics/Weapons/PHYS_AK1P.uexp" 751
"D:/UE Projects/RebelWars/Content/Textures/Weapons/T_AK1P.uasset" 752
"D:/UE Projects/RebelWars/Content/Textures/Weapons/T_AK1P.uexp" 753
"D:/UE Projects/RebelWars/Content/Textures/Weapons/T_AK1P.ubulk" 754
"D:/UE Projects/RebelWars/Content/Materials/Weapons/M_AK1P.uasset" 755
"D:/UE Projects/RebelWars/Content/Materials/Weapons/M_AK1P.uexp" 756
"D:/UE Projects/RebelWars/Content/Meshes/Weapons/SK_AK1P.uasset" 757
"D:/UE Projects/RebelWars/Content/Meshes/Weapons/SK_AK1P.uexp" 758
"D:/UE Projects/RebelWars/Content/Animated/Animation/Weapons/AK/ANIM_AKDefault.uasset" 759
"D:/UE Projects/RebelWars/Content/Animated/Animation/Weapons/AK/ANIM_AKDefault.uexp" 760
"D:/UE Projects/RebelWars/Content/Sound/Wav/ak_slide.uasset" 761
"D:/UE Projects/RebelWars/Content/Sound/Wav/ak_slide.uexp" 762
"D:/UE Projects/RebelWars/Content/Sound/SC_AKSlide.uasset" 763
"D:/UE Projects/RebelWars/Content/Sound/SC_AKSlide.uexp" 764
"D:/UE Projects/RebelWars/Content/Sound/Wav/ak_mag_takeout.uasset" 765
"D:/UE Projects/RebelWars/Content/Sound/Wav/ak_mag_takeout.uexp" 766
"D:/UE Projects/RebelWars/Content/Sound/SC_AKMagTakeout.uasset" 767
"D:/UE Projects/RebelWars/Content/Sound/SC_AKMagTakeout.uexp" 768
"D:/UE Projects/RebelWars/Content/Sound/Wav/ak_mag_insert.uasset" 769
"D:/UE Projects/RebelWars/Content/Sound/Wav/ak_mag_insert.uexp" 770
"D:/UE Projects/RebelWars/Content/Sound/SC_AKMagInsert.uasset" 771
"D:/UE Projects/RebelWars/Content/Sound/SC_AKMagInsert.uexp" 772
"D:/UE Projects/RebelWars/Content/Animated/Animation/Weapons/AK/ANIM_AKReloadDry.uasset" 773
"D:/UE Projects/RebelWars/Content/Animated/Animation/Weapons/AK/ANIM_AKReloadDry.uexp" 774
"D:/UE Projects/RebelWars/Content/Animated/Animation/Weapons/AK/AM_AKReloadDry.uasset" 775
"D:/UE Projects/RebelWars/Content/Animated/Animation/Weapons/AK/AM_AKReloadDry.uexp" 776
"D:/UE Projects/RebelWars/Content/Animated/Animation/Weapons/AK/ANIM_AKReload.uasset" 777
"D:/UE Projects/RebelWars/Content/Animated/Animation/Weapons/AK/ANIM_AKReload.uexp" 778
"D:/UE Projects/RebelWars/Content/Animated/Animation/Weapons/AK/AM_AKReload.uasset" 779
"D:/UE Projects/RebelWars/Content/Animated/Animation/Weapons/AK/AM_AKReload.uexp" 780
"D:/UE Projects/RebelWars/Content/Animated/Animation/Weapons/AK/ANIM_AKFire.uasset" 781
"D:/UE Projects/RebelWars/Content/Animated/Animation/Weapons/AK/ANIM_AKFire.uexp" 782
"D:/UE Projects/RebelWars/Content/Animated/Animation/Weapons/AK/AM_AKFire.uasset" 783
"D:/UE Projects/RebelWars/Content/Animated/Animation/Weapons/AK/AM_AKFire.uexp" 784
"D:/UE Projects/RebelWars/Content/Sound/Wav/AKDeploy.uasset" 785
"D:/UE Projects/RebelWars/Content/Sound/Wav/AKDeploy.uexp" 786
"D:/UE Projects/RebelWars/Content/Sound/SC_AKDeploy.uasset" 787
"D:/UE Projects/RebelWars/Content/Sound/SC_AKDeploy.uexp" 788
"D:/UE Projects/RebelWars/Content/Animated/Animation/Weapons/AK/ANIM_AKDeploy.uasset" 789
"D:/UE Projects/RebelWars/Content/Animated/Animation/Weapons/AK/ANIM_AKDeploy.uexp" 790
"D:/UE Projects/RebelWars/Content/Animated/Animation/Weapons/AK/AM_AKDeploy.uasset" 791
"D:/UE Projects/RebelWars/Content/Animated/Animation/Weapons/AK/AM_AKDeploy.uexp" 792
"D:/UE Projects/RebelWars/Content/AKMRecoilCurve.uasset" 793
"D:/UE Projects/RebelWars/Content/AKMRecoilCurve.uexp" 794
"D:/UE Projects/RebelWars/Content/Meshes/Weapons/SM_AK3P.uasset" 795
"D:/UE Projects/RebelWars/Content/Meshes/Weapons/SM_AK3P.uexp" 796
"D:/UE Projects/RebelWars/Content/Animated/Animation/Rebel/ANIM_RebelRifleHipIdle.uasset" 797
"D:/UE Projects/RebelWars/Content/Animated/Animation/Rebel/ANIM_RebelRifleHipIdle.uexp" 798
"D:/UE Projects/RebelWars/Content/Animated/Animation/Rebel/ANIM_RebelRifleHipFire.uasset" 799
"D:/UE Projects/RebelWars/Content/Animated/Animation/Rebel/ANIM_RebelRifleHipFire.uexp" 800
"D:/UE Projects/RebelWars/Content/Animated/Animation/Rebel/AM_RebelRifleHipFire.uasset" 801
"D:/UE Projects/RebelWars/Content/Animated/Animation/Rebel/AM_RebelRifleHipFire.uexp" 802
"D:/UE Projects/RebelWars/Content/Animated/Animation/Rebel/ANIM_RebelRifleReload.uasset" 803
"D:/UE Projects/RebelWars/Content/Animated/Animation/Rebel/ANIM_RebelRifleReload.uexp" 804
"D:/UE Projects/RebelWars/Content/Animated/Animation/Rebel/AM_RebelRifleReload.uasset" 805
"D:/UE Projects/RebelWars/Content/Animated/Animation/Rebel/AM_RebelRifleReload.uexp" 806
"D:/UE Projects/RebelWars/Content/Blueprints/Items/BP_AK.uasset" 807
"D:/UE Projects/RebelWars/Content/Blueprints/Items/BP_AK.uexp" 808
"D:/UE Projects/RebelWars/Content/UI/WBP_WeaponSelection.uasset" 809
"D:/UE Projects/RebelWars/Content/UI/WBP_WeaponSelection.uexp" 810
"D:/UE Projects/RebelWars/Content/UI/WBP_Crosshair.uasset" 811
"D:/UE Projects/RebelWars/Content/UI/WBP_Crosshair.uexp" 812
"D:/UE Projects/RebelWars/Content/Physics/Rebel/PHYS_Rebel1.uasset" 813
"D:/UE Projects/RebelWars/Content/Physics/Rebel/PHYS_Rebel1.uexp" 814
"D:/UE Projects/RebelWars/Content/Textures/Rebel/T_RebelTorso1.uasset" 815
"D:/UE Projects/RebelWars/Content/Textures/Rebel/T_RebelTorso1.uexp" 816
"D:/UE Projects/RebelWars/Content/Textures/Rebel/T_RebelTorso1.ubulk" 817
"D:/UE Projects/RebelWars/Content/Materials/Rebel/M_RebelTorso1.uasset" 818
"D:/UE Projects/RebelWars/Content/Materials/Rebel/M_RebelTorso1.uexp" 819
"D:/UE Projects/RebelWars/Content/Textures/Rebel/T_RebelLegs1.uasset" 820
"D:/UE Projects/RebelWars/Content/Textures/Rebel/T_RebelLegs1.uexp" 821
"D:/UE Projects/RebelWars/Content/Textures/Rebel/T_RebelLegs1.ubulk" 822
"D:/UE Projects/RebelWars/Content/Materials/Rebel/M_RebelLegs1.uasset" 823
"D:/UE Projects/RebelWars/Content/Materials/Rebel/M_RebelLegs1.uexp" 824
"D:/UE Projects/RebelWars/Content/Textures/Rebel/T_RebelHead1.uasset" 825
"D:/UE Projects/RebelWars/Content/Textures/Rebel/T_RebelHead1.uexp" 826
"D:/UE Projects/RebelWars/Content/Textures/Rebel/T_RebelHead1.ubulk" 827
"D:/UE Projects/RebelWars/Content/Materials/Rebel/M_RebelHead1.uasset" 828
"D:/UE Projects/RebelWars/Content/Materials/Rebel/M_RebelHead1.uexp" 829
"D:/UE Projects/RebelWars/Content/Meshes/Rebel/SK_Rebel1.uasset" 830
"D:/UE Projects/RebelWars/Content/Meshes/Rebel/SK_Rebel1.uexp" 831
"D:/UE Projects/RebelWars/Content/Sound/Wav/RemingtonFire.uasset" 832
"D:/UE Projects/RebelWars/Content/Sound/Wav/RemingtonFire.uexp" 833
"D:/UE Projects/RebelWars/Content/Sound/SC_RemingtonFire.uasset" 834
"D:/UE Projects/RebelWars/Content/Sound/SC_RemingtonFire.uexp" 835
"D:/UE Projects/RebelWars/Content/Meshes/Weapons/SM_Remington3P.uasset" 836
"D:/UE Projects/RebelWars/Content/Meshes/Weapons/SM_Remington3P.uexp" 837
"D:/UE Projects/RebelWars/Content/Animated/Animation/Weapons/Remington/ANIM_RemingtonDefault.uasset" 838
"D:/UE Projects/RebelWars/Content/Animated/Animation/Weapons/Remington/ANIM_RemingtonDefault.uexp" 839
"D:/UE Projects/RebelWars/Content/Animated/Animation/Weapons/Remington/ANIM_RemingtonReloadStart.uasset" 840
"D:/UE Projects/RebelWars/Content/Animated/Animation/Weapons/Remington/ANIM_RemingtonReloadStart.uexp" 841
"D:/UE Projects/RebelWars/Content/Animated/Animation/Weapons/Remington/AM_RemingtonReloadStart.uasset" 842
"D:/UE Projects/RebelWars/Content/Animated/Animation/Weapons/Remington/AM_RemingtonReloadStart.uexp" 843
"D:/UE Projects/RebelWars/Content/Sound/Wav/RemingtopSlideUp.uasset" 844
"D:/UE Projects/RebelWars/Content/Sound/Wav/RemingtopSlideUp.uexp" 845
"D:/UE Projects/RebelWars/Content/Sound/SC_RemingtopSlideUp.uasset" 846
"D:/UE Projects/RebelWars/Content/Sound/SC_RemingtopSlideUp.uexp" 847
"D:/UE Projects/RebelWars/Content/Sound/Wav/RemingtopSlideDown.uasset" 848
"D:/UE Projects/RebelWars/Content/Sound/Wav/RemingtopSlideDown.uexp" 849
"D:/UE Projects/RebelWars/Content/Sound/SC_RemingtopSlideDown.uasset" 850
"D:/UE Projects/RebelWars/Content/Sound/SC_RemingtopSlideDown.uexp" 851
"D:/UE Projects/RebelWars/Content/Animated/Animation/Weapons/Remington/ANIM_RemingtonReloadEndDry.uasset" 852
"D:/UE Projects/RebelWars/Content/Animated/Animation/Weapons/Remington/ANIM_RemingtonReloadEndDry.uexp" 853
"D:/UE Projects/RebelWars/Content/Animated/Animation/Weapons/Remington/AM_RemingtonReloadEndDry.uasset" 854
"D:/UE Projects/RebelWars/Content/Animated/Animation/Weapons/Remington/AM_RemingtonReloadEndDry.uexp" 855
"D:/UE Projects/RebelWars/Content/Animated/Animation/Weapons/Remington/ANIM_RemingtonReloadEnd.uasset" 856
"D:/UE Projects/RebelWars/Content/Animated/Animation/Weapons/Remington/ANIM_RemingtonReloadEnd.uexp" 857
"D:/UE Projects/RebelWars/Content/Animated/Animation/Weapons/Remington/AM_RemingtonReloadEnd.uasset" 858
"D:/UE Projects/RebelWars/Content/Animated/Animation/Weapons/Remington/AM_RemingtonReloadEnd.uexp" 859
"D:/UE Projects/RebelWars/Content/Animated/Animation/Weapons/Remington/ANIM_RemingtonReload.uasset" 860
"D:/UE Projects/RebelWars/Content/Animated/Animation/Weapons/Remington/ANIM_RemingtonReload.uexp" 861
"D:/UE Projects/RebelWars/Content/Animated/Animation/Weapons/Remington/AM_RemingtonReload.uasset" 862
"D:/UE Projects/RebelWars/Content/Animated/Animation/Weapons/Remington/AM_RemingtonReload.uexp" 863
"D:/UE Projects/RebelWars/Content/Sound/Wav/RemingtonLoadRound.uasset" 864
"D:/UE Projects/RebelWars/Content/Sound/Wav/RemingtonLoadRound.uexp" 865
"D:/UE Projects/RebelWars/Content/Sound/SC_RemingtonLoadRound.uasset" 866
"D:/UE Projects/RebelWars/Content/Sound/SC_RemingtonLoadRound.uexp" 867
"D:/UE Projects/RebelWars/Content/Animated/Animation/Weapons/Remington/ANIM_RemingtonLoadShell.uasset" 868
"D:/UE Projects/RebelWars/Content/Animated/Animation/Weapons/Remington/ANIM_RemingtonLoadShell.uexp" 869
"D:/UE Projects/RebelWars/Content/Animated/Animation/Weapons/Remington/AM_RemingtonLoadShell.uasset" 870
"D:/UE Projects/RebelWars/Content/Animated/Animation/Weapons/Remington/AM_RemingtonLoadShell.uexp" 871
"D:/UE Projects/RebelWars/Content/Animated/Animation/Weapons/Remington/ANIM_RemingtonFire.uasset" 872
"D:/UE Projects/RebelWars/Content/Animated/Animation/Weapons/Remington/ANIM_RemingtonFire.uexp" 873
"D:/UE Projects/RebelWars/Content/Animated/Animation/Weapons/Remington/AM_RemingtonFire.uasset" 874
"D:/UE Projects/RebelWars/Content/Animated/Animation/Weapons/Remington/AM_RemingtonFire.uexp" 875
"D:/UE Projects/RebelWars/Content/Animated/Animation/Weapons/Remington/ANIM_RemingtonDeploy.uasset" 876
"D:/UE Projects/RebelWars/Content/Animated/Animation/Weapons/Remington/ANIM_RemingtonDeploy.uexp" 877
"D:/UE Projects/RebelWars/Content/Animated/Animation/Weapons/Remington/AM_RemingtonDeploy.uasset" 878
"D:/UE Projects/RebelWars/Content/Animated/Animation/Weapons/Remington/AM_RemingtonDeploy.uexp" 879
"D:/UE Projects/RebelWars/Content/Blueprints/Items/BP_Remington.uasset" 880
"D:/UE Projects/RebelWars/Content/Blueprints/Items/BP_Remington.uexp" 881
"D:/UE Projects/RebelWars/Content/AI/BB_Rebel.uasset" 882
"D:/UE Projects/RebelWars/Content/AI/BB_Rebel.uexp" 883
"D:/UE Projects/RebelWars/Content/AI/EQC_TargetContext.uasset" 884
"D:/UE Projects/RebelWars/Content/AI/EQC_TargetContext.uexp" 885
"D:/UE Projects/RebelWars/Content/AI/EQS_KeepDistance.uasset" 886
"D:/UE Projects/RebelWars/Content/AI/EQS_KeepDistance.uexp" 887
"D:/UE Projects/RebelWars/Content/AI/EQS_KeepDistanceAndHeight.uasset" 888
"D:/UE Projects/RebelWars/Content/AI/EQS_KeepDistanceAndHeight.uexp" 889
"D:/UE Projects/RebelWars/Content/AI/EQS_Push.uasset" 890
"D:/UE Projects/RebelWars/Content/AI/EQS_Push.uexp" 891
"D:/UE Projects/RebelWars/Content/AI/EQS_TakeCover.uasset" 892
"D:/UE Projects/RebelWars/Content/AI/EQS_TakeCover.uexp" 893
"D:/UE Projects/RebelWars/Content/AI/BT_Rebel.uasset" 894
"D:/UE Projects/RebelWars/Content/AI/BT_Rebel.uexp" 895
"D:/UE Projects/RebelWars/Content/Blueprints/Controllers/BP_CombatAIController.uasset" 896
"D:/UE Projects/RebelWars/Content/Blueprints/Controllers/BP_CombatAIController.uexp" 897
"D:/UE Projects/RebelWars/Content/Animated/Animation/Rebel/AimOffset/Pistol/ANIM_RebelPistolAnimOffsetDown.uasset" 898
"D:/UE Projects/RebelWars/Content/Animated/Animation/Rebel/AimOffset/Pistol/ANIM_RebelPistolAnimOffsetDown.uexp" 899
"D:/UE Projects/RebelWars/Content/Animated/Animation/Rebel/AimOffset/Pistol/ANIM_RebelPistolAnimOffsetDownLeft.uasset" 900
"D:/UE Projects/RebelWars/Content/Animated/Animation/Rebel/AimOffset/Pistol/ANIM_RebelPistolAnimOffsetDownLeft.uexp" 901
"D:/UE Projects/RebelWars/Content/Animated/Animation/Rebel/AimOffset/Pistol/ANIM_RebelPistolAnimOffsetDownRight.uasset" 902
"D:/UE Projects/RebelWars/Content/Animated/Animation/Rebel/AimOffset/Pistol/ANIM_RebelPistolAnimOffsetDownRight.uexp" 903
"D:/UE Projects/RebelWars/Content/Animated/Animation/Rebel/AimOffset/Pistol/ANIM_RebelPistolAnimOffsetLeft.uasset" 904
"D:/UE Projects/RebelWars/Content/Animated/Animation/Rebel/AimOffset/Pistol/ANIM_RebelPistolAnimOffsetLeft.uexp" 905
"D:/UE Projects/RebelWars/Content/Animated/Animation/Rebel/AimOffset/Pistol/ANIM_RebelPistolAnimOffsetForward.uasset" 906
"D:/UE Projects/RebelWars/Content/Animated/Animation/Rebel/AimOffset/Pistol/ANIM_RebelPistolAnimOffsetForward.uexp" 907
"D:/UE Projects/RebelWars/Content/Animated/Animation/Rebel/AimOffset/Pistol/ANIM_RebelPistolAnimOffsetRight.uasset" 908
"D:/UE Projects/RebelWars/Content/Animated/Animation/Rebel/AimOffset/Pistol/ANIM_RebelPistolAnimOffsetRight.uexp" 909
"D:/UE Projects/RebelWars/Content/Animated/Animation/Rebel/AimOffset/Pistol/ANIM_RebelPistolAnimOffsetUp.uasset" 910
"D:/UE Projects/RebelWars/Content/Animated/Animation/Rebel/AimOffset/Pistol/ANIM_RebelPistolAnimOffsetUp.uexp" 911
"D:/UE Projects/RebelWars/Content/Animated/Animation/Rebel/AimOffset/Pistol/ANIM_RebelPistolAnimOffsetUpRight.uasset" 912
"D:/UE Projects/RebelWars/Content/Animated/Animation/Rebel/AimOffset/Pistol/ANIM_RebelPistolAnimOffsetUpRight.uexp" 913
"D:/UE Projects/RebelWars/Content/Animated/Animation/Rebel/AimOffset/Pistol/ANIM_RebelPistolAnimOffsetUpLeft.uasset" 914
"D:/UE Projects/RebelWars/Content/Animated/Animation/Rebel/AimOffset/Pistol/ANIM_RebelPistolAnimOffsetUpLeft.uexp" 915
"D:/UE Projects/RebelWars/Content/Animated/Animation/Rebel/AO_RebelPistol.uasset" 916
"D:/UE Projects/RebelWars/Content/Animated/Animation/Rebel/AO_RebelPistol.uexp" 917
"D:/UE Projects/RebelWars/Content/Animated/Animation/Rebel/AimOffset/ANIM_RebelRifleAimOffsetUpRight.uasset" 918
"D:/UE Projects/RebelWars/Content/Animated/Animation/Rebel/AimOffset/ANIM_RebelRifleAimOffsetUpRight.uexp" 919
"D:/UE Projects/RebelWars/Content/Animated/Animation/Rebel/AimOffset/ANIM_RebelRifleAimOffsetUpLeft.uasset" 920
"D:/UE Projects/RebelWars/Content/Animated/Animation/Rebel/AimOffset/ANIM_RebelRifleAimOffsetUpLeft.uexp" 921
"D:/UE Projects/RebelWars/Content/Animated/Animation/Rebel/AimOffset/ANIM_RebelRifleAimOffsetUp.uasset" 922
"D:/UE Projects/RebelWars/Content/Animated/Animation/Rebel/AimOffset/ANIM_RebelRifleAimOffsetUp.uexp" 923
"D:/UE Projects/RebelWars/Content/Animated/Animation/Rebel/AimOffset/ANIM_RebelRifleAimOffsetRight.uasset" 924
"D:/UE Projects/RebelWars/Content/Animated/Animation/Rebel/AimOffset/ANIM_RebelRifleAimOffsetRight.uexp" 925
"D:/UE Projects/RebelWars/Content/Animated/Animation/Rebel/AimOffset/ANIM_RebelRifleAimOffsetDown.uasset" 926
"D:/UE Projects/RebelWars/Content/Animated/Animation/Rebel/AimOffset/ANIM_RebelRifleAimOffsetDown.uexp" 927
"D:/UE Projects/RebelWars/Content/Animated/Animation/Rebel/AimOffset/ANIM_RebelRifleAimOffsetDownLeft.uasset" 928
"D:/UE Projects/RebelWars/Content/Animated/Animation/Rebel/AimOffset/ANIM_RebelRifleAimOffsetDownLeft.uexp" 929
"D:/UE Projects/RebelWars/Content/Animated/Animation/Rebel/AimOffset/ANIM_RebelRifleAimOffsetDownRight.uasset" 930
"D:/UE Projects/RebelWars/Content/Animated/Animation/Rebel/AimOffset/ANIM_RebelRifleAimOffsetDownRight.uexp" 931
"D:/UE Projects/RebelWars/Content/Animated/Animation/Rebel/AimOffset/ANIM_RebelRifleAimOffsetForward.uasset" 932
"D:/UE Projects/RebelWars/Content/Animated/Animation/Rebel/AimOffset/ANIM_RebelRifleAimOffsetForward.uexp" 933
"D:/UE Projects/RebelWars/Content/Animated/Animation/Rebel/AimOffset/ANIM_RebelRifleAimOffsetLeft.uasset" 934
"D:/UE Projects/RebelWars/Content/Animated/Animation/Rebel/AimOffset/ANIM_RebelRifleAimOffsetLeft.uexp" 935
"D:/UE Projects/RebelWars/Content/Animated/Animation/Rebel/AO_RebelRifle.uasset" 936
"D:/UE Projects/RebelWars/Content/Animated/Animation/Rebel/AO_RebelRifle.uexp" 937
"D:/UE Projects/RebelWars/Content/Animated/Animation/Rebel/ANIM_RebelUnarmedIdle.uasset" 938
"D:/UE Projects/RebelWars/Content/Animated/Animation/Rebel/ANIM_RebelUnarmedIdle.uexp" 939
"D:/UE Projects/RebelWars/Content/Animated/Animation/Rebel/AimOffset/Unarmed/ANIM_RebelUnarmedAimOffsetTopRight.uasset" 940
"D:/UE Projects/RebelWars/Content/Animated/Animation/Rebel/AimOffset/Unarmed/ANIM_RebelUnarmedAimOffsetTopRight.uexp" 941
"D:/UE Projects/RebelWars/Content/Animated/Animation/Rebel/AimOffset/Unarmed/ANIM_RebelUnarmedAimOffsetTopLeft.uasset" 942
"D:/UE Projects/RebelWars/Content/Animated/Animation/Rebel/AimOffset/Unarmed/ANIM_RebelUnarmedAimOffsetTopLeft.uexp" 943
"D:/UE Projects/RebelWars/Content/Animated/Animation/Rebel/AimOffset/Unarmed/ANIM_RebelUnarmedAimOffsetTop.uasset" 944
"D:/UE Projects/RebelWars/Content/Animated/Animation/Rebel/AimOffset/Unarmed/ANIM_RebelUnarmedAimOffsetTop.uexp" 945
"D:/UE Projects/RebelWars/Content/Animated/Animation/Rebel/AimOffset/Unarmed/ANIM_RebelUnarmedAimOffsetRight.uasset" 946
"D:/UE Projects/RebelWars/Content/Animated/Animation/Rebel/AimOffset/Unarmed/ANIM_RebelUnarmedAimOffsetRight.uexp" 947
"D:/UE Projects/RebelWars/Content/Animated/Animation/Rebel/AimOffset/Unarmed/ANIM_RebelUnarmedAimOffsetLeft.uasset" 948
"D:/UE Projects/RebelWars/Content/Animated/Animation/Rebel/AimOffset/Unarmed/ANIM_RebelUnarmedAimOffsetLeft.uexp" 949
"D:/UE Projects/RebelWars/Content/Animated/Animation/Rebel/AimOffset/Unarmed/ANIM_RebelUnarmedAimOffsetForward.uasset" 950
"D:/UE Projects/RebelWars/Content/Animated/Animation/Rebel/AimOffset/Unarmed/ANIM_RebelUnarmedAimOffsetForward.uexp" 951
"D:/UE Projects/RebelWars/Content/Animated/Animation/Rebel/AimOffset/Unarmed/ANIM_RebelUnarmedAimOffsetDownRight.uasset" 952
"D:/UE Projects/RebelWars/Content/Animated/Animation/Rebel/AimOffset/Unarmed/ANIM_RebelUnarmedAimOffsetDownRight.uexp" 953
"D:/UE Projects/RebelWars/Content/Animated/Animation/Rebel/AimOffset/Unarmed/ANIM_RebelUnarmedAimOffsetDownLeft.uasset" 954
"D:/UE Projects/RebelWars/Content/Animated/Animation/Rebel/AimOffset/Unarmed/ANIM_RebelUnarmedAimOffsetDownLeft.uexp" 955
"D:/UE Projects/RebelWars/Content/Animated/Animation/Rebel/AimOffset/Unarmed/ANIM_RebelUnarmedAimOffsetDown.uasset" 956
"D:/UE Projects/RebelWars/Content/Animated/Animation/Rebel/AimOffset/Unarmed/ANIM_RebelUnarmedAimOffsetDown.uexp" 957
"D:/UE Projects/RebelWars/Content/Animated/Animation/Rebel/AO_RebelUnarmed.uasset" 958
"D:/UE Projects/RebelWars/Content/Animated/Animation/Rebel/AO_RebelUnarmed.uexp" 959
"D:/UE Projects/RebelWars/Content/Animated/Animation/Rebel/ANIM_RebelUnarmedRunBackwards.uasset" 960
"D:/UE Projects/RebelWars/Content/Animated/Animation/Rebel/ANIM_RebelUnarmedRunBackwards.uexp" 961
"D:/UE Projects/RebelWars/Content/Animated/Animation/Rebel/ANIM_RebelUnarmedRunForward.uasset" 962
"D:/UE Projects/RebelWars/Content/Animated/Animation/Rebel/ANIM_RebelUnarmedRunForward.uexp" 963
"D:/UE Projects/RebelWars/Content/Animated/Animation/Rebel/ANIM_RebelUnarmedRunLeft.uasset" 964
"D:/UE Projects/RebelWars/Content/Animated/Animation/Rebel/ANIM_RebelUnarmedRunLeft.uexp" 965
"D:/UE Projects/RebelWars/Content/Animated/Animation/Rebel/ANIM_RebelUnarmedRunRight.uasset" 966
"D:/UE Projects/RebelWars/Content/Animated/Animation/Rebel/ANIM_RebelUnarmedRunRight.uexp" 967
"D:/UE Projects/RebelWars/Content/Animated/Animation/Rebel/ANIM_RebelUnarmedStand.uasset" 968
"D:/UE Projects/RebelWars/Content/Animated/Animation/Rebel/ANIM_RebelUnarmedStand.uexp" 969
"D:/UE Projects/RebelWars/Content/Animated/Animation/Rebel/ANIM_RebelUnarmedWalkBackwards.uasset" 970
"D:/UE Projects/RebelWars/Content/Animated/Animation/Rebel/ANIM_RebelUnarmedWalkBackwards.uexp" 971
"D:/UE Projects/RebelWars/Content/Animated/Animation/Rebel/ANIM_RebelUnarmedWalkForward.uasset" 972
"D:/UE Projects/RebelWars/Content/Animated/Animation/Rebel/ANIM_RebelUnarmedWalkForward.uexp" 973
"D:/UE Projects/RebelWars/Content/Animated/Animation/Rebel/ANIM_RebelUnarmedWalkLeft.uasset" 974
"D:/UE Projects/RebelWars/Content/Animated/Animation/Rebel/ANIM_RebelUnarmedWalkLeft.uexp" 975
"D:/UE Projects/RebelWars/Content/Animated/Animation/Rebel/ANIM_RebelUnarmedWalkRight.uasset" 976
"D:/UE Projects/RebelWars/Content/Animated/Animation/Rebel/ANIM_RebelUnarmedWalkRight.uexp" 977
"D:/UE Projects/RebelWars/Content/Animated/BS_CombatCharacterLocomotion.uasset" 978
"D:/UE Projects/RebelWars/Content/Animated/BS_CombatCharacterLocomotion.uexp" 979
"D:/UE Projects/RebelWars/Content/Animated/ABP_CombatCharacter.uasset" 980
"D:/UE Projects/RebelWars/Content/Animated/ABP_CombatCharacter.uexp" 981
"D:/UE Projects/RebelWars/Content/Animated/Animation/ANIM_Unarmed.uasset" 982
"D:/UE Projects/RebelWars/Content/Animated/Animation/ANIM_Unarmed.uexp" 983
"D:/UE Projects/RebelWars/Content/Animated/ABP_Hands1P.uasset" 984
"D:/UE Projects/RebelWars/Content/Animated/ABP_Hands1P.uexp" 985
"D:/UE Projects/RebelWars/Content/Physics/PHYS_Hands1P.uasset" 986
"D:/UE Projects/RebelWars/Content/Physics/PHYS_Hands1P.uexp" 987
"D:/UE Projects/RebelWars/Content/Textures/T_Hands1P.uasset" 988
"D:/UE Projects/RebelWars/Content/Textures/T_Hands1P.uexp" 989
"D:/UE Projects/RebelWars/Content/Textures/T_Hands1P.ubulk" 990
"D:/UE Projects/RebelWars/Content/Materials/M_Hand1P.uasset" 991
"D:/UE Projects/RebelWars/Content/Materials/M_Hand1P.uexp" 992
"D:/UE Projects/RebelWars/Content/Meshes/SK_Hands1P.uasset" 993
"D:/UE Projects/RebelWars/Content/Meshes/SK_Hands1P.uexp" 994
"D:/UE Projects/RebelWars/Content/Blueprints/Characters/BP_CombatCharacter.uasset" 995
"D:/UE Projects/RebelWars/Content/Blueprints/Characters/BP_CombatCharacter.uexp" 996
"D:/UE Projects/RebelWars/Content/UI/WBP_HUD.uasset" 997
"D:/UE Projects/RebelWars/Content/UI/WBP_HUD.uexp" 998
"D:/UE Projects/RebelWars/Content/UI/MainMenu/WBP_InGameMenu.uasset" 999
"D:/UE Projects/RebelWars/Content/UI/MainMenu/WBP_InGameMenu.uexp" 1000
"D:/UE Projects/RebelWars/Content/Blueprints/Controllers/BP_HumanPlayerController.uasset" 1001
"D:/UE Projects/RebelWars/Content/Blueprints/Controllers/BP_HumanPlayerController.uexp" 1002
"D:/UE Projects/RebelWars/Content/Blueprints/GameModes/BP_GameModeSandbox.uasset" 1003
"D:/UE Projects/RebelWars/Content/Blueprints/GameModes/BP_GameModeSandbox.uexp" 1004
"D:/UE Projects/RebelWars/Content/Levels/Sandbox_BuiltData.uasset" 1005
"D:/UE Projects/RebelWars/Content/Levels/Sandbox_BuiltData.uexp" 1006
"D:/UE Projects/RebelWars/Content/Levels/Sandbox_BuiltData.ubulk" 1007
"D:/UE Projects/RebelWars/Content/Levels/Sandbox.uexp" 1008
"D:/UE Projects/RebelWars/Content/Levels/Sandbox.umap" 1009
"../../../Engine/Content/Maps/Entry_BuiltData.uasset" 1010
"../../../Engine/Content/Maps/Entry_BuiltData.uexp" 1011
"../../../Engine/Content/Maps/Entry.uexp" 1012
"../../../Engine/Content/Maps/Entry.umap" 1013
